#
# There is insufficient memory for the Java Runtime Environment to continue.
# Native memory allocation (mmap) failed to map 122683392 bytes for committing reserved memory.
# Possible reasons:
#   The system is out of physical RAM or swap space
#   In 32 bit mode, the process size limit was hit
# Possible solutions:
#   Reduce memory load on the system
#   Increase physical memory or swap space
#   Check if swap backing store is full
#   Use 64 bit Java on a 64 bit OS
#   Decrease Java heap size (-Xmx/-Xms)
#   Decrease number of Java threads
#   Decrease Java thread stack sizes (-Xss)
#   Set larger code cache with -XX:ReservedCodeCacheSize=
# This output file may be truncated or incomplete.
#
#  Out of Memory Error (os_linux.cpp:2640), pid=31, tid=0x00007f378fafa700
#
# JRE version: Java(TM) SE Runtime Environment (8.0_172-b11) (build 1.8.0_172-b11)
# Java VM: Java HotSpot(TM) 64-Bit Server VM (25.172-b11 mixed mode linux-amd64 compressed oops)
# Core dump written. Default location: /app/core or core.31
#

---------------  T H R E A D  ---------------

Current thread (0x00007f37ac077800):  VMThread [stack: 0x00007f378f9fb000,0x00007f378fafb000] [id=40]

Stack: [0x00007f378f9fb000,0x00007f378fafb000],  sp=0x00007f378faf9150,  free space=1016k
Native frames: (J=compiled Java code, j=interpreted, Vv=VM code, C=native code)
V  [libjvm.so+0xad221a]  VMError::report_and_die()+0x2ba
V  [libjvm.so+0x50185b]  report_vm_out_of_memory(char const*, int, unsigned long, VMErrorType, char const*)+0x8b
V  [libjvm.so+0x92fee3]  os::Linux::commit_memory_impl(char*, unsigned long, bool)+0x123
V  [libjvm.so+0x930109]  os::pd_commit_memory(char*, unsigned long, unsigned long, bool)+0x29
V  [libjvm.so+0x9273ca]  os::commit_memory(char*, unsigned long, unsigned long, bool)+0x2a
V  [libjvm.so+0x99d363]  PSVirtualSpace::expand_by(unsigned long)+0x53
V  [libjvm.so+0x99e768]  PSYoungGen::resize_generation(unsigned long, unsigned long)+0xf8
V  [libjvm.so+0x99d8c2]  PSYoungGen::resize(unsigned long, unsigned long)+0x22
V  [libjvm.so+0x99ab9b]  PSScavenge::invoke_no_policy()+0xf3b
V  [libjvm.so+0x99b321]  PSScavenge::invoke()+0x41
V  [libjvm.so+0x951df0]  ParallelScavengeHeap::failed_mem_allocate(unsigned long)+0x70
V  [libjvm.so+0xad3c97]  VM_ParallelGCFailedAllocation::doit()+0x97
V  [libjvm.so+0xadb7b5]  VM_Operation::evaluate()+0x55
V  [libjvm.so+0xad9b7a]  VMThread::evaluate_operation(VM_Operation*)+0xba
V  [libjvm.so+0xad9efe]  VMThread::loop()+0x1ce
V  [libjvm.so+0xada370]  VMThread::run()+0x70
V  [libjvm.so+0x930248]  java_start(Thread*)+0x108

VM_Operation (0x00007f378d39de90): ParallelGCFailedAllocation, mode: safepoint, requested by thread 0x00007f375800b000


---------------  P R O C E S S  ---------------

Java Threads: ( => current thread )
  0x00007f3744331800 JavaThread "Memory manager" [_thread_blocked, id=68, stack(0x00007f37335fa000,0x00007f37336fb000)]
  0x00007f3744836800 JavaThread "Build operations Thread 4" [_thread_blocked, id=67, stack(0x00007f37336fb000,0x00007f37337fc000)]
  0x00007f3744834800 JavaThread "Build operations Thread 3" [_thread_blocked, id=66, stack(0x00007f37337fc000,0x00007f37338fd000)]
  0x00007f3744833000 JavaThread "Build operations Thread 2" [_thread_blocked, id=65, stack(0x00007f37338fd000,0x00007f37339fe000)]
  0x00007f3744830000 JavaThread "Build operations" [_thread_blocked, id=64, stack(0x00007f37339fe000,0x00007f3733aff000)]
  0x00007f37447d9800 JavaThread "Cache worker for Artifact transforms cache (/app/cache/caches/transforms-1)" [_thread_blocked, id=63, stack(0x00007f3733cff000,0x00007f3733e00000)]
  0x00007f3744467800 JavaThread "Cache worker for file hash cache (/app/.gradle/4.5.1/fileHashes)" [_thread_blocked, id=62, stack(0x00007f378c9a1000,0x00007f378caa2000)]
  0x00007f374434e000 JavaThread "File lock request listener" [_thread_in_native, id=61, stack(0x00007f378cca2000,0x00007f378cda3000)]
  0x00007f3744286000 JavaThread "Cache worker for file hash cache (/app/cache/caches/4.5.1/fileHashes)" [_thread_blocked, id=60, stack(0x00007f378cda3000,0x00007f378cea4000)]
  0x00007f3744013000 JavaThread "Stdin handler" [_thread_blocked, id=59, stack(0x00007f378cea4000,0x00007f378cfa5000)]
  0x00007f3744006800 JavaThread "Asynchronous log dispatcher for DefaultDaemonConnection: socket connection from /127.0.0.1:39685 to /127.0.0.1:38856" [_thread_blocked, id=58, stack(0x00007f378cfa5000,0x00007f378d0a6000)]
  0x00007f375800b000 JavaThread "Daemon worker" [_thread_blocked, id=55, stack(0x00007f378d2a6000,0x00007f378d3a7000)]
  0x00007f3758008800 JavaThread "Cancel handler" [_thread_blocked, id=54, stack(0x00007f378d3a7000,0x00007f378d4a8000)]
  0x00007f3758004000 JavaThread "Handler for socket connection from /127.0.0.1:39685 to /127.0.0.1:38856" [_thread_in_native, id=53, stack(0x00007f378d4a8000,0x00007f378d5a9000)]
  0x00007f3760042000 JavaThread "Daemon" [_thread_blocked, id=52, stack(0x00007f378d5a9000,0x00007f378d6aa000)]
  0x00007f37afe3d800 JavaThread "Daemon periodic checks" [_thread_blocked, id=51, stack(0x00007f378d6aa000,0x00007f378d7ab000)]
  0x00007f37afe20800 JavaThread "Incoming local TCP Connector on port 39685" [_thread_in_native, id=50, stack(0x00007f378d7ab000,0x00007f378d8ac000)]
  0x00007f37afd6f800 JavaThread "Daemon health stats" [_thread_blocked, id=49, stack(0x00007f378dab1000,0x00007f378dbb2000)]
  0x00007f37ac0e2000 JavaThread "Service Thread" daemon [_thread_blocked, id=47, stack(0x00007f378f2f3000,0x00007f378f3f4000)]
  0x00007f37ac0bc800 JavaThread "C1 CompilerThread2" daemon [_thread_blocked, id=46, stack(0x00007f378f3f5000,0x00007f378f4f5000)]
  0x00007f37ac0bb000 JavaThread "C2 CompilerThread1" daemon [_thread_blocked, id=45, stack(0x00007f378f4f6000,0x00007f378f5f6000)]
  0x00007f37ac0b8000 JavaThread "C2 CompilerThread0" daemon [_thread_blocked, id=44, stack(0x00007f378f5f7000,0x00007f378f6f7000)]
  0x00007f37ac0b6800 JavaThread "Signal Dispatcher" daemon [_thread_blocked, id=43, stack(0x00007f378f6f7000,0x00007f378f7f8000)]
  0x00007f37ac084000 JavaThread "Finalizer" daemon [_thread_blocked, id=42, stack(0x00007f378f7f8000,0x00007f378f8f9000)]
  0x00007f37ac081800 JavaThread "Reference Handler" daemon [_thread_blocked, id=41, stack(0x00007f378f8f9000,0x00007f378f9fa000)]
  0x00007f37ac00a000 JavaThread "main" [_thread_blocked, id=35, stack(0x00007f37b5bb3000,0x00007f37b5cb3000)]

Other Threads:
=>0x00007f37ac077800 VMThread [stack: 0x00007f378f9fb000,0x00007f378fafb000] [id=40]
  0x00007f37ac0e7000 WatcherThread [stack: 0x00007f378f1f3000,0x00007f378f2f3000] [id=48]

VM state:at safepoint (normal execution)

VM Mutex/Monitor currently owned by a thread:  ([mutex/lock_event])
[0x00007f37ac007a10] Threads_lock - owner thread: 0x00007f37ac077800
[0x00007f37ac007f10] Heap_lock - owner thread: 0x00007f375800b000

Heap:
 PSYoungGen      total 131584K, used 9716K [0x00000000eab00000, 0x00000000f3580000, 0x0000000100000000)
  eden space 121856K, 0% used [0x00000000eab00000,0x00000000eab00000,0x00000000f2200000)
  from space 9728K, 99% used [0x00000000f2280000,0x00000000f2bfd3f0,0x00000000f2c00000)
  to   space 6656K, 0% used [0x00000000f2f00000,0x00000000f2f00000,0x00000000f3580000)
 ParOldGen       total 45568K, used 10681K [0x00000000c0000000, 0x00000000c2c80000, 0x00000000eab00000)
  object space 45568K, 23% used [0x00000000c0000000,0x00000000c0a6e780,0x00000000c2c80000)
 Metaspace       used 32567K, capacity 33098K, committed 33408K, reserved 1077248K
  class space    used 4700K, capacity 4905K, committed 4992K, reserved 1048576K

Card table byte_map: [0x00007f37b2ce0000,0x00007f37b2ee1000] byte_map_base: 0x00007f37b26e0000

Marking Bits: (ParMarkBitMap*) 0x00007f37b507ade0
 Begin Bits: [0x00007f37b0786000, 0x00007f37b1786000)
 End Bits:   [0x00007f37b1786000, 0x00007f37b2786000)

Polling page: 0x00007f37b5cb8000

CodeCache: size=245760Kb used=10498Kb max_used=10530Kb free=235261Kb
 bounds [0x00007f379d000000, 0x00007f379da60000, 0x00007f37ac000000]
 total_blobs=3372 nmethods=2678 adapters=607
 compilation: enabled

Compilation events (10 events):
Event: 161.241 Thread 0x00007f37ac0b8000 2874       4       org.objectweb.asm.MethodWriter::visitVarInsn (300 bytes)
Event: 161.245 Thread 0x00007f37ac0bc800 2875       1       org.gradle.api.internal.AbstractClassGenerator$ClassMetaData::access$100 (5 bytes)
Event: 161.246 Thread 0x00007f37ac0bc800 nmethod 2875 0x00007f379da17310 code [0x00007f379da17460, 0x00007f379da17550]
Event: 161.249 Thread 0x00007f37ac0b8000 nmethod 2874 0x00007f379da21490 code [0x00007f379da21640, 0x00007f379da21b28]
Event: 161.298 Thread 0x00007f37ac0b8000 2876       4       org.gradle.internal.reflect.MethodSet::add (44 bytes)
Event: 161.307 Thread 0x00007f37ac0b8000 nmethod 2876 0x00007f379da23010 code [0x00007f379da231c0, 0x00007f379da23768]
Event: 161.307 Thread 0x00007f37ac0b8000 2877       4       org.gradle.internal.reflect.MethodSignature::hashCode (16 bytes)
Event: 161.314 Thread 0x00007f37ac0b8000 nmethod 2877 0x00007f379da22a50 code [0x00007f379da22bc0, 0x00007f379da22e68]
Event: 161.315 Thread 0x00007f37ac0bc800 2878       3       java.util.Collections::emptySet (4 bytes)
Event: 161.315 Thread 0x00007f37ac0bc800 nmethod 2878 0x00007f379da22750 code [0x00007f379da228a0, 0x00007f379da229d0]

GC Heap History (10 events):
Event: 147.537 GC heap after
Heap after GC invocations=3 (full 0):
 PSYoungGen      total 36352K, used 5097K [0x00000000eab00000, 0x00000000ef200000, 0x0000000100000000)
  eden space 31232K, 0% used [0x00000000eab00000,0x00000000eab00000,0x00000000ec980000)
  from space 5120K, 99% used [0x00000000ec980000,0x00000000ece7a6f8,0x00000000ece80000)
  to   space 5120K, 0% used [0x00000000eed00000,0x00000000eed00000,0x00000000ef200000)
 ParOldGen       total 83456K, used 1493K [0x00000000c0000000, 0x00000000c5180000, 0x00000000eab00000)
  object space 83456K, 1% used [0x00000000c0000000,0x00000000c0175580,0x00000000c5180000)
 Metaspace       used 13678K, capacity 13976K, committed 14208K, reserved 1060864K
  class space    used 1970K, capacity 2082K, committed 2176K, reserved 1048576K
}
Event: 149.520 GC heap before
{Heap before GC invocations=4 (full 0):
 PSYoungGen      total 36352K, used 36329K [0x00000000eab00000, 0x00000000ef200000, 0x0000000100000000)
  eden space 31232K, 100% used [0x00000000eab00000,0x00000000ec980000,0x00000000ec980000)
  from space 5120K, 99% used [0x00000000ec980000,0x00000000ece7a6f8,0x00000000ece80000)
  to   space 5120K, 0% used [0x00000000eed00000,0x00000000eed00000,0x00000000ef200000)
 ParOldGen       total 83456K, used 1493K [0x00000000c0000000, 0x00000000c5180000, 0x00000000eab00000)
  object space 83456K, 1% used [0x00000000c0000000,0x00000000c0175580,0x00000000c5180000)
 Metaspace       used 16809K, capacity 17118K, committed 17280K, reserved 1064960K
  class space    used 2478K, capacity 2595K, committed 2688K, reserved 1048576K
Event: 149.538 GC heap after
Heap after GC invocations=4 (full 0):
 PSYoungGen      total 67584K, used 5104K [0x00000000eab00000, 0x00000000ef200000, 0x0000000100000000)
  eden space 62464K, 0% used [0x00000000eab00000,0x00000000eab00000,0x00000000ee800000)
  from space 5120K, 99% used [0x00000000eed00000,0x00000000ef1fc040,0x00000000ef200000)
  to   space 5120K, 0% used [0x00000000ee800000,0x00000000ee800000,0x00000000eed00000)
 ParOldGen       total 83456K, used 4287K [0x00000000c0000000, 0x00000000c5180000, 0x00000000eab00000)
  object space 83456K, 5% used [0x00000000c0000000,0x00000000c042fc00,0x00000000c5180000)
 Metaspace       used 16809K, capacity 17118K, committed 17280K, reserved 1064960K
  class space    used 2478K, capacity 2595K, committed 2688K, reserved 1048576K
}
Event: 150.721 GC heap before
{Heap before GC invocations=5 (full 0):
 PSYoungGen      total 67584K, used 23482K [0x00000000eab00000, 0x00000000ef200000, 0x0000000100000000)
  eden space 62464K, 29% used [0x00000000eab00000,0x00000000ebcf2938,0x00000000ee800000)
  from space 5120K, 99% used [0x00000000eed00000,0x00000000ef1fc040,0x00000000ef200000)
  to   space 5120K, 0% used [0x00000000ee800000,0x00000000ee800000,0x00000000eed00000)
 ParOldGen       total 83456K, used 4287K [0x00000000c0000000, 0x00000000c5180000, 0x00000000eab00000)
  object space 83456K, 5% used [0x00000000c0000000,0x00000000c042fc00,0x00000000c5180000)
 Metaspace       used 20779K, capacity 21054K, committed 21296K, reserved 1067008K
  class space    used 2966K, capacity 3075K, committed 3200K, reserved 1048576K
Event: 150.779 GC heap after
Heap after GC invocations=5 (full 0):
 PSYoungGen      total 67584K, used 5104K [0x00000000eab00000, 0x00000000f3900000, 0x0000000100000000)
  eden space 62464K, 0% used [0x00000000eab00000,0x00000000eab00000,0x00000000ee800000)
  from space 5120K, 99% used [0x00000000ee800000,0x00000000eecfc050,0x00000000eed00000)
  to   space 10240K, 0% used [0x00000000f2f00000,0x00000000f2f00000,0x00000000f3900000)
 ParOldGen       total 83456K, used 7674K [0x00000000c0000000, 0x00000000c5180000, 0x00000000eab00000)
  object space 83456K, 9% used [0x00000000c0000000,0x00000000c077ebf0,0x00000000c5180000)
 Metaspace       used 20779K, capacity 21054K, committed 21296K, reserved 1067008K
  class space    used 2966K, capacity 3075K, committed 3200K, reserved 1048576K
}
Event: 150.779 GC heap before
{Heap before GC invocations=6 (full 1):
 PSYoungGen      total 67584K, used 5104K [0x00000000eab00000, 0x00000000f3900000, 0x0000000100000000)
  eden space 62464K, 0% used [0x00000000eab00000,0x00000000eab00000,0x00000000ee800000)
  from space 5120K, 99% used [0x00000000ee800000,0x00000000eecfc050,0x00000000eed00000)
  to   space 10240K, 0% used [0x00000000f2f00000,0x00000000f2f00000,0x00000000f3900000)
 ParOldGen       total 83456K, used 7674K [0x00000000c0000000, 0x00000000c5180000, 0x00000000eab00000)
  object space 83456K, 9% used [0x00000000c0000000,0x00000000c077ebf0,0x00000000c5180000)
 Metaspace       used 20779K, capacity 21054K, committed 21296K, reserved 1067008K
  class space    used 2966K, capacity 3075K, committed 3200K, reserved 1048576K
Event: 150.918 GC heap after
Heap after GC invocations=6 (full 1):
 PSYoungGen      total 67584K, used 0K [0x00000000eab00000, 0x00000000f3900000, 0x0000000100000000)
  eden space 62464K, 0% used [0x00000000eab00000,0x00000000eab00000,0x00000000ee800000)
  from space 5120K, 0% used [0x00000000ee800000,0x00000000ee800000,0x00000000eed00000)
  to   space 10240K, 0% used [0x00000000f2f00000,0x00000000f2f00000,0x00000000f3900000)
 ParOldGen       total 45568K, used 8409K [0x00000000c0000000, 0x00000000c2c80000, 0x00000000eab00000)
  object space 45568K, 18% used [0x00000000c0000000,0x00000000c0836648,0x00000000c2c80000)
 Metaspace       used 20779K, capacity 21054K, committed 21296K, reserved 1067008K
  class space    used 2966K, capacity 3075K, committed 3200K, reserved 1048576K
}
Event: 157.711 GC heap before
{Heap before GC invocations=7 (full 1):
 PSYoungGen      total 67584K, used 62464K [0x00000000eab00000, 0x00000000f3900000, 0x0000000100000000)
  eden space 62464K, 100% used [0x00000000eab00000,0x00000000ee800000,0x00000000ee800000)
  from space 5120K, 0% used [0x00000000ee800000,0x00000000ee800000,0x00000000eed00000)
  to   space 10240K, 0% used [0x00000000f2f00000,0x00000000f2f00000,0x00000000f3900000)
 ParOldGen       total 45568K, used 8409K [0x00000000c0000000, 0x00000000c2c80000, 0x00000000eab00000)
  object space 45568K, 18% used [0x00000000c0000000,0x00000000c0836648,0x00000000c2c80000)
 Metaspace       used 26073K, capacity 26378K, committed 26624K, reserved 1073152K
  class space    used 3635K, capacity 3736K, committed 3840K, reserved 1048576K
Event: 157.726 GC heap after
Heap after GC invocations=7 (full 1):
 PSYoungGen      total 128512K, used 6610K [0x00000000eab00000, 0x00000000f3580000, 0x0000000100000000)
  eden space 121856K, 0% used [0x00000000eab00000,0x00000000eab00000,0x00000000f2200000)
  from space 6656K, 99% used [0x00000000f2f00000,0x00000000f3574a90,0x00000000f3580000)
  to   space 9728K, 0% used [0x00000000f2280000,0x00000000f2280000,0x00000000f2c00000)
 ParOldGen       total 45568K, used 8409K [0x00000000c0000000, 0x00000000c2c80000, 0x00000000eab00000)
  object space 45568K, 18% used [0x00000000c0000000,0x00000000c0836648,0x00000000c2c80000)
 Metaspace       used 26073K, capacity 26378K, committed 26624K, reserved 1073152K
  class space    used 3635K, capacity 3736K, committed 3840K, reserved 1048576K
}
Event: 161.331 GC heap before
{Heap before GC invocations=8 (full 1):
 PSYoungGen      total 128512K, used 128466K [0x00000000eab00000, 0x00000000f3580000, 0x0000000100000000)
  eden space 121856K, 100% used [0x00000000eab00000,0x00000000f2200000,0x00000000f2200000)
  from space 6656K, 99% used [0x00000000f2f00000,0x00000000f3574a90,0x00000000f3580000)
  to   space 9728K, 0% used [0x00000000f2280000,0x00000000f2280000,0x00000000f2c00000)
 ParOldGen       total 45568K, used 8409K [0x00000000c0000000, 0x00000000c2c80000, 0x00000000eab00000)
  object space 45568K, 18% used [0x00000000c0000000,0x00000000c0836648,0x00000000c2c80000)
 Metaspace       used 32567K, capacity 33098K, committed 33408K, reserved 1077248K
  class space    used 4700K, capacity 4905K, committed 4992K, reserved 1048576K

Deoptimization events (10 events):
Event: 159.633 Thread 0x00007f375800b000 Uncommon trap: reason=predicate action=maybe_recompile pc=0x00007f379d2fb00c method=java.util.Arrays.binarySearch0([Ljava/lang/Object;IILjava/lang/Object;Ljava/util/Comparator;)I @ 28
Event: 159.752 Thread 0x00007f375800b000 Uncommon trap: reason=unstable_if action=reinterpret pc=0x00007f379d51ffe4 method=sun.misc.MetaIndex.mayContain(Ljava/lang/String;)Z @ 38
Event: 160.218 Thread 0x00007f375800b000 Uncommon trap: reason=unstable_if action=reinterpret pc=0x00007f379d587bec method=java.util.HashMap.putVal(ILjava/lang/Object;Ljava/lang/Object;ZZ)Ljava/lang/Object; @ 162
Event: 160.219 Thread 0x00007f375800b000 Uncommon trap: reason=unstable_if action=reinterpret pc=0x00007f379d3c74ec method=java.util.HashMap.resize()[Ljava/util/HashMap$Node; @ 206
Event: 160.419 Thread 0x00007f375800b000 Uncommon trap: reason=unstable_if action=reinterpret pc=0x00007f379d8da2c4 method=java.lang.reflect.Modifier.toString(I)Ljava/lang/String; @ 123
Event: 160.419 Thread 0x00007f375800b000 Uncommon trap: reason=unstable_if action=reinterpret pc=0x00007f379d8f1f7c method=java.lang.reflect.Modifier.toString(I)Ljava/lang/String; @ 123
Event: 160.681 Thread 0x00007f375800b000 Uncommon trap: reason=speculate_class_check action=maybe_recompile pc=0x00007f379d966ab8 method=com.google.common.base.Equivalence.hash(Ljava/lang/Object;)I @ 8
Event: 160.681 Thread 0x00007f375800b000 Uncommon trap: reason=speculate_class_check action=maybe_recompile pc=0x00007f379d966ab8 method=com.google.common.base.Equivalence.hash(Ljava/lang/Object;)I @ 8
Event: 160.681 Thread 0x00007f375800b000 Uncommon trap: reason=speculate_class_check action=maybe_recompile pc=0x00007f379d966ab8 method=com.google.common.base.Equivalence.hash(Ljava/lang/Object;)I @ 8
Event: 160.681 Thread 0x00007f375800b000 Uncommon trap: reason=speculate_class_check action=maybe_recompile pc=0x00007f379d966ab8 method=com.google.common.base.Equivalence.hash(Ljava/lang/Object;)I @ 8

Classes redefined (0 events):
No events

Internal exceptions (10 events):
Event: 158.497 Thread 0x00007f375800b000 Exception <a 'java/lang/ClassNotFoundException': org/gradle/api/internal/artifacts/dsl/dependencies/DefaultDependencyHandlerBeanInfo> (0x00000000ec1b5740) thrown at [/HUDSON/workspace/8-2-build-linux-amd64/jdk8u172/10810/hotspot/src/share/vm/classfile/sys
Event: 158.498 Thread 0x00007f375800b000 Exception <a 'java/lang/ClassNotFoundException': org/gradle/api/internal/artifacts/dsl/dependencies/DefaultDependencyHandlerCustomizer> (0x00000000ec201280) thrown at [/HUDSON/workspace/8-2-build-linux-amd64/jdk8u172/10810/hotspot/src/share/vm/classfile/s
Event: 158.504 Thread 0x00007f375800b000 Exception <a 'java/lang/ClassNotFoundException': org/gradle/api/internal/artifacts/dsl/dependencies/DefaultDependencyHandler_DecoratedCustomizer> (0x00000000ec274490) thrown at [/HUDSON/workspace/8-2-build-linux-amd64/jdk8u172/10810/hotspot/src/share/vm/c
Event: 158.514 Thread 0x00007f375800b000 Exception <a 'java/lang/ClassNotFoundException': org/codehaus/groovy/runtime/GStringImplBeanInfo> (0x00000000ec2e7750) thrown at [/HUDSON/workspace/8-2-build-linux-amd64/jdk8u172/10810/hotspot/src/share/vm/classfile/systemDictionary.cpp, line 210]
Event: 158.514 Thread 0x00007f375800b000 Exception <a 'java/lang/ClassNotFoundException': org/codehaus/groovy/runtime/GStringImplCustomizer> (0x00000000ec30c450) thrown at [/HUDSON/workspace/8-2-build-linux-amd64/jdk8u172/10810/hotspot/src/share/vm/classfile/systemDictionary.cpp, line 210]
Event: 159.382 Thread 0x00007f375800b000 Exception <a 'java/lang/ClassNotFoundException': build_284ntavxth4xu4ylcyfcp1lhuBeanInfo> (0x00000000ee1e72f8) thrown at [/HUDSON/workspace/8-2-build-linux-amd64/jdk8u172/10810/hotspot/src/share/vm/classfile/systemDictionary.cpp, line 210]
Event: 159.383 Thread 0x00007f375800b000 Exception <a 'java/lang/ClassNotFoundException': build_284ntavxth4xu4ylcyfcp1lhuCustomizer> (0x00000000ee1f1fa8) thrown at [/HUDSON/workspace/8-2-build-linux-amd64/jdk8u172/10810/hotspot/src/share/vm/classfile/systemDictionary.cpp, line 210]
Event: 159.417 Thread 0x00007f375800b000 Exception <a 'java/lang/ClassNotFoundException': org/gradle/api/internal/plugins/DefaultObjectConfigurationActionBeanInfo> (0x00000000ee25e568) thrown at [/HUDSON/workspace/8-2-build-linux-amd64/jdk8u172/10810/hotspot/src/share/vm/classfile/systemDictiona
Event: 159.417 Thread 0x00007f375800b000 Exception <a 'java/lang/ClassNotFoundException': org/gradle/api/internal/plugins/DefaultObjectConfigurationActionCustomizer> (0x00000000ee28d710) thrown at [/HUDSON/workspace/8-2-build-linux-amd64/jdk8u172/10810/hotspot/src/share/vm/classfile/systemDictio
Event: 159.763 Thread 0x00007f375800b000 Exception <a 'java/io/IOException'> (0x00000000ee56ba30) thrown at [/HUDSON/workspace/8-2-build-linux-amd64/jdk8u172/10810/hotspot/src/share/vm/prims/jni.cpp, line 709]

Events (10 events):
Event: 161.325 loading class org/gradle/api/reporting/ConfigurableReport done
Event: 161.326 loading class org/gradle/api/reporting/Report
Event: 161.326 loading class org/gradle/api/reporting/Report done
Event: 161.326 loading class org/gradle/api/tasks/testing/TestFilter
Event: 161.326 loading class org/gradle/api/tasks/testing/TestFilter done
Event: 161.327 loading class org/gradle/api/internal/tasks/testing/TestExecutionSpec
Event: 161.327 loading class org/gradle/api/internal/tasks/testing/TestExecutionSpec done
Event: 161.328 loading class org/gradle/api/internal/tasks/testing/TestExecuter
Event: 161.328 loading class org/gradle/api/internal/tasks/testing/TestExecuter done
Event: 161.331 Executing VM operation: ParallelGCFailedAllocation


Dynamic libraries:
00400000-00401000 r-xp 00000000 08:04 961402                             /opt/jdk1.8.0_172/bin/java
00600000-00601000 rw-p 00000000 08:04 961402                             /opt/jdk1.8.0_172/bin/java
010f7000-01118000 rw-p 00000000 00:00 0                                  [heap]
c0000000-c2c80000 rw-p 00000000 00:00 0 
c2c80000-eab00000 ---p 00000000 00:00 0 
eab00000-f3580000 rw-p 00000000 00:00 0 
faa80000-100000000 ---p 00000000 00:00 0 
100000000-1004e0000 rw-p 00000000 00:00 0 
1004e0000-140000000 ---p 00000000 00:00 0 
7f371c000000-7f371c021000 rw-p 00000000 00:00 0 
7f371c021000-7f3720000000 ---p 00000000 00:00 0 
7f3720000000-7f3720021000 rw-p 00000000 00:00 0 
7f3720021000-7f3724000000 ---p 00000000 00:00 0 
7f3724000000-7f3724021000 rw-p 00000000 00:00 0 
7f3724021000-7f3728000000 ---p 00000000 00:00 0 
7f3728000000-7f3728021000 rw-p 00000000 00:00 0 
7f3728021000-7f372c000000 ---p 00000000 00:00 0 
7f372c000000-7f372c021000 rw-p 00000000 00:00 0 
7f372c021000-7f3730000000 ---p 00000000 00:00 0 
7f37333fa000-7f37335ba000 rw-p 00000000 00:00 0 
7f37335ba000-7f37335fa000 ---p 00000000 00:00 0 
7f37335fa000-7f37335fd000 ---p 00000000 00:00 0 
7f37335fd000-7f37336fb000 rw-p 00000000 00:00 0 
7f37336fb000-7f37336fe000 ---p 00000000 00:00 0 
7f37336fe000-7f37337fc000 rw-p 00000000 00:00 0 
7f37337fc000-7f37337ff000 ---p 00000000 00:00 0 
7f37337ff000-7f37338fd000 rw-p 00000000 00:00 0 
7f37338fd000-7f3733900000 ---p 00000000 00:00 0 
7f3733900000-7f37339fe000 rw-p 00000000 00:00 0 
7f37339fe000-7f3733a01000 ---p 00000000 00:00 0 
7f3733a01000-7f3733cff000 rw-p 00000000 00:00 0 
7f3733cff000-7f3733d02000 ---p 00000000 00:00 0 
7f3733d02000-7f3734000000 rw-p 00000000 00:00 0 
7f3734000000-7f3734021000 rw-p 00000000 00:00 0 
7f3734021000-7f3738000000 ---p 00000000 00:00 0 
7f3738000000-7f3738021000 rw-p 00000000 00:00 0 
7f3738021000-7f373c000000 ---p 00000000 00:00 0 
7f373c000000-7f373c021000 rw-p 00000000 00:00 0 
7f373c021000-7f3740000000 ---p 00000000 00:00 0 
7f3740000000-7f3740026000 rw-p 00000000 00:00 0 
7f3740026000-7f3744000000 ---p 00000000 00:00 0 
7f3744000000-7f3744f53000 rw-p 00000000 00:00 0 
7f3744f53000-7f3748000000 ---p 00000000 00:00 0 
7f3748000000-7f3748293000 rw-p 00000000 00:00 0 
7f3748293000-7f374c000000 ---p 00000000 00:00 0 
7f374c000000-7f374c028000 rw-p 00000000 00:00 0 
7f374c028000-7f3750000000 ---p 00000000 00:00 0 
7f3750000000-7f3750021000 rw-p 00000000 00:00 0 
7f3750021000-7f3754000000 ---p 00000000 00:00 0 
7f3754000000-7f3754021000 rw-p 00000000 00:00 0 
7f3754021000-7f3758000000 ---p 00000000 00:00 0 
7f3758000000-7f3758021000 rw-p 00000000 00:00 0 
7f3758021000-7f375c000000 ---p 00000000 00:00 0 
7f375c000000-7f375c021000 rw-p 00000000 00:00 0 
7f375c021000-7f3760000000 ---p 00000000 00:00 0 
7f3760000000-7f376007a000 rw-p 00000000 00:00 0 
7f376007a000-7f3764000000 ---p 00000000 00:00 0 
7f3764000000-7f3764021000 rw-p 00000000 00:00 0 
7f3764021000-7f3768000000 ---p 00000000 00:00 0 
7f3768000000-7f3768021000 rw-p 00000000 00:00 0 
7f3768021000-7f376c000000 ---p 00000000 00:00 0 
7f376c000000-7f376e1f4000 rw-p 00000000 00:00 0 
7f376e1f4000-7f3770000000 ---p 00000000 00:00 0 
7f3770000000-7f3770633000 rw-p 00000000 00:00 0 
7f3770633000-7f3774000000 ---p 00000000 00:00 0 
7f3774000000-7f3774021000 rw-p 00000000 00:00 0 
7f3774021000-7f3778000000 ---p 00000000 00:00 0 
7f3778000000-7f377a335000 rw-p 00000000 00:00 0 
7f377a335000-7f377c000000 ---p 00000000 00:00 0 
7f377c000000-7f377c021000 rw-p 00000000 00:00 0 
7f377c021000-7f3780000000 ---p 00000000 00:00 0 
7f3780000000-7f3780021000 rw-p 00000000 00:00 0 
7f3780021000-7f3784000000 ---p 00000000 00:00 0 
7f3784000000-7f3784333000 rw-p 00000000 00:00 0 
7f3784333000-7f3788000000 ---p 00000000 00:00 0 
7f3788000000-7f3788021000 rw-p 00000000 00:00 0 
7f3788021000-7f378c000000 ---p 00000000 00:00 0 
7f378c04c000-7f378c24c000 rw-p 00000000 00:00 0 
7f378c24c000-7f378c44c000 rw-p 00000000 00:00 0 
7f378c44c000-7f378c4c5000 r--s 010f9000 08:04 961719                     /opt/jdk1.8.0_172/lib/tools.jar
7f378c4e1000-7f378c6e1000 rw-p 00000000 00:00 0 
7f378c769000-7f378c76b000 r--s 00004000 08:03 464532                     /app/cache/caches/modules-2/files-2.1/org.springframework/spring-jcl/5.0.6.RELEASE/295ee4e8657e9c1fd327735c01d5fbce339cc44d/spring-jcl-5.0.6.RELEASE.jar
7f378c76b000-7f378c783000 r--s 00114000 08:03 464540                     /app/cache/caches/modules-2/files-2.1/org.springframework/spring-core/5.0.6.RELEASE/984a52455b1be596b7f1a29f62d21d2f483eb764/spring-core-5.0.6.RELEASE.jar
7f378c783000-7f378c78d000 r--s 00078000 08:03 464528                     /app/cache/caches/modules-2/files-2.1/org.apache.commons/commons-compress/1.14/7b18320d668ab080758bf5383d6d8fcf750babce/commons-compress-1.14.jar
7f378c78d000-7f378c79c000 r--s 0009f000 08:03 464538                     /app/cache/caches/modules-2/files-2.1/io.spring.gradle/dependency-management-plugin/1.0.5.RELEASE/3589987a66349bdc10b18c6c4a5463ffd084c908/dependency-management-plugin-1.0.5.RELEASE.jar
7f378c79c000-7f378c79f000 r--s 00022000 08:03 464534                     /app/cache/caches/modules-2/files-2.1/org.springframework.boot/spring-boot-loader-tools/2.0.2.RELEASE/f1460752eda55972571a9651fcdfcb6cceef183d/spring-boot-loader-tools-2.0.2.RELEASE.jar
7f378c79f000-7f378c7a1000 r--s 0000d000 08:03 464531                     /app/cache/caches/modules-2/files-2.1/org.springframework.boot/spring-boot-gradle-plugin/2.0.2.RELEASE/b35e0fcf1acca8c38899af0f06269955f1bf553c/spring-boot-gradle-plugin-2.0.2.RELEASE.jar
7f378c7a1000-7f378c9a1000 rw-p 00000000 00:00 0 
7f378c9a1000-7f378c9a4000 ---p 00000000 00:00 0 
7f378c9a4000-7f378cca2000 rw-p 00000000 00:00 0 
7f378cca2000-7f378cca5000 ---p 00000000 00:00 0 
7f378cca5000-7f378cda3000 rw-p 00000000 00:00 0 
7f378cda3000-7f378cda6000 ---p 00000000 00:00 0 
7f378cda6000-7f378cea4000 rw-p 00000000 00:00 0 
7f378cea4000-7f378cea7000 ---p 00000000 00:00 0 
7f378cea7000-7f378cfa5000 rw-p 00000000 00:00 0 
7f378cfa5000-7f378cfa8000 ---p 00000000 00:00 0 
7f378cfa8000-7f378d2a6000 rw-p 00000000 00:00 0 
7f378d2a6000-7f378d2a9000 ---p 00000000 00:00 0 
7f378d2a9000-7f378d3a7000 rw-p 00000000 00:00 0 
7f378d3a7000-7f378d3aa000 ---p 00000000 00:00 0 
7f378d3aa000-7f378d4a8000 rw-p 00000000 00:00 0 
7f378d4a8000-7f378d4ab000 ---p 00000000 00:00 0 
7f378d4ab000-7f378d5a9000 rw-p 00000000 00:00 0 
7f378d5a9000-7f378d5ac000 ---p 00000000 00:00 0 
7f378d5ac000-7f378d6aa000 rw-p 00000000 00:00 0 
7f378d6aa000-7f378d6ad000 ---p 00000000 00:00 0 
7f378d6ad000-7f378d7ab000 rw-p 00000000 00:00 0 
7f378d7ab000-7f378d7ae000 ---p 00000000 00:00 0 
7f378d7ae000-7f378d8ac000 rw-p 00000000 00:00 0 
7f378d8ac000-7f378d8b1000 r--s 0009d000 08:04 961629                     /opt/jdk1.8.0_172/jre/lib/jsse.jar
7f378d8b1000-7f378dab1000 rw-p 00000000 00:00 0 
7f378dab1000-7f378dab4000 ---p 00000000 00:00 0 
7f378dab4000-7f378dbb2000 rw-p 00000000 00:00 0 
7f378dbb2000-7f378dbbb000 r-xp 00000000 08:04 961543                     /opt/jdk1.8.0_172/jre/lib/amd64/libmanagement.so
7f378dbbb000-7f378ddba000 ---p 00009000 08:04 961543                     /opt/jdk1.8.0_172/jre/lib/amd64/libmanagement.so
7f378ddba000-7f378ddbb000 rw-p 00008000 08:04 961543                     /opt/jdk1.8.0_172/jre/lib/amd64/libmanagement.so
7f378ddbb000-7f378ddbd000 r--s 00007000 08:03 434820                     /app/cache/wrapper/dists/gradle-4.5.1-all/87kuriyahurjjkki3zii366f2/gradle-4.5.1/lib/plugins/gradle-tooling-api-builders-4.5.1.jar
7f378ddbd000-7f378ddc2000 r--s 00017000 08:03 434704                     /app/cache/wrapper/dists/gradle-4.5.1-all/87kuriyahurjjkki3zii366f2/gradle-4.5.1/lib/plugins/gradle-testing-native-4.5.1.jar
7f378ddc2000-7f378ddc7000 r--s 0005a000 08:03 435576                     /app/cache/wrapper/dists/gradle-4.5.1-all/87kuriyahurjjkki3zii366f2/gradle-4.5.1/lib/plugins/bsh-2.0b6.jar
7f378ddc7000-7f378ddc9000 r--s 00006000 08:03 436140                     /app/cache/wrapper/dists/gradle-4.5.1-all/87kuriyahurjjkki3zii366f2/gradle-4.5.1/lib/plugins/jcommander-1.12.jar
7f378ddc9000-7f378ddcf000 r--s 00033000 08:03 436142                     /app/cache/wrapper/dists/gradle-4.5.1-all/87kuriyahurjjkki3zii366f2/gradle-4.5.1/lib/plugins/snakeyaml-1.6.jar
7f378ddcf000-7f378ddd8000 r--s 00089000 08:03 435534                     /app/cache/wrapper/dists/gradle-4.5.1-all/87kuriyahurjjkki3zii366f2/gradle-4.5.1/lib/plugins/testng-6.3.1.jar
7f378ddd8000-7f378ddda000 r--s 00009000 08:03 436135                     /app/cache/wrapper/dists/gradle-4.5.1-all/87kuriyahurjjkki3zii366f2/gradle-4.5.1/lib/plugins/hamcrest-core-1.3.jar
7f378ddda000-7f378dde2000 r--s 00045000 08:03 435563                     /app/cache/wrapper/dists/gradle-4.5.1-all/87kuriyahurjjkki3zii366f2/gradle-4.5.1/lib/plugins/junit-4.12.jar
7f378dde2000-7f378dde6000 r--s 00019000 08:03 434844                     /app/cache/wrapper/dists/gradle-4.5.1-all/87kuriyahurjjkki3zii366f2/gradle-4.5.1/lib/plugins/gradle-testing-jvm-4.5.1.jar
7f378dde6000-7f378ddee000 r--s 00030000 08:03 434905                     /app/cache/wrapper/dists/gradle-4.5.1-all/87kuriyahurjjkki3zii366f2/gradle-4.5.1/lib/plugins/gradle-testing-base-4.5.1.jar
7f378ddee000-7f378ddf5000 r--s 00043000 08:03 435445                     /app/cache/wrapper/dists/gradle-4.5.1-all/87kuriyahurjjkki3zii366f2/gradle-4.5.1/lib/plugins/bcpg-jdk15on-1.58.jar
7f378ddf5000-7f378ddf7000 r--s 0000e000 08:03 434689                     /app/cache/wrapper/dists/gradle-4.5.1-all/87kuriyahurjjkki3zii366f2/gradle-4.5.1/lib/plugins/gradle-signing-4.5.1.jar
7f378ddf7000-7f378ddf9000 r--s 00007000 08:03 434756                     /app/cache/wrapper/dists/gradle-4.5.1-all/87kuriyahurjjkki3zii366f2/gradle-4.5.1/lib/plugins/gradle-scala-4.5.1.jar
7f378ddf9000-7f378ddfa000 r--s 00004000 08:03 435027                     /app/cache/wrapper/dists/gradle-4.5.1-all/87kuriyahurjjkki3zii366f2/gradle-4.5.1/lib/plugins/gradle-resources-sftp-4.5.1.jar
7f378ddfa000-7f378de01000 r--s 00057000 08:03 435121                     /app/cache/wrapper/dists/gradle-4.5.1-all/87kuriyahurjjkki3zii366f2/gradle-4.5.1/lib/plugins/aws-java-sdk-kms-1.11.6.jar
7f378de01000-7f378de0f000 r--s 00087000 08:03 435135                     /app/cache/wrapper/dists/gradle-4.5.1-all/87kuriyahurjjkki3zii366f2/gradle-4.5.1/lib/plugins/aws-java-sdk-core-1.11.6.jar
7f378de0f000-7f378de1c000 r--s 0008e000 08:03 435094                     /app/cache/wrapper/dists/gradle-4.5.1-all/87kuriyahurjjkki3zii366f2/gradle-4.5.1/lib/plugins/aws-java-sdk-s3-1.11.6.jar
7f378de1c000-7f378de1e000 r--s 00004000 08:03 434939                     /app/cache/wrapper/dists/gradle-4.5.1-all/87kuriyahurjjkki3zii366f2/gradle-4.5.1/lib/plugins/gradle-resources-s3-4.5.1.jar
7f378de1e000-7f378de2e000 r--s 00088000 08:03 435801                     /app/cache/wrapper/dists/gradle-4.5.1-all/87kuriyahurjjkki3zii366f2/gradle-4.5.1/lib/plugins/joda-time-2.8.2.jar
7f378de2e000-7f378de40000 r--s 0011f000 08:03 435728                     /app/cache/wrapper/dists/gradle-4.5.1-all/87kuriyahurjjkki3zii366f2/gradle-4.5.1/lib/plugins/jackson-databind-2.8.11.jar
7f378de40000-7f378de43000 r--s 0000b000 08:03 435797                     /app/cache/wrapper/dists/gradle-4.5.1-all/87kuriyahurjjkki3zii366f2/gradle-4.5.1/lib/plugins/jackson-annotations-2.8.11.jar
7f378de43000-7f378de47000 r--s 00042000 08:03 435781                     /app/cache/wrapper/dists/gradle-4.5.1-all/87kuriyahurjjkki3zii366f2/gradle-4.5.1/lib/plugins/jackson-core-2.8.11.jar
7f378de47000-7f378de48000 r--s 00001000 08:03 435263                     /app/cache/wrapper/dists/gradle-4.5.1-all/87kuriyahurjjkki3zii366f2/gradle-4.5.1/lib/plugins/google-http-client-jackson2-1.22.0.jar
7f378de48000-7f378de51000 r--s 0004f000 08:03 435265                     /app/cache/wrapper/dists/gradle-4.5.1-all/87kuriyahurjjkki3zii366f2/gradle-4.5.1/lib/plugins/google-http-client-1.22.0.jar
7f378de51000-7f378de53000 r--s 0000d000 08:03 435260                     /app/cache/wrapper/dists/gradle-4.5.1-all/87kuriyahurjjkki3zii366f2/gradle-4.5.1/lib/plugins/google-oauth-client-1.22.0.jar
7f378de53000-7f378de58000 r--s 0002c000 08:03 435251                     /app/cache/wrapper/dists/gradle-4.5.1-all/87kuriyahurjjkki3zii366f2/gradle-4.5.1/lib/plugins/google-api-client-1.22.0.jar
7f378de58000-7f378de5b000 r--s 00016000 08:03 435246                     /app/cache/wrapper/dists/gradle-4.5.1-all/87kuriyahurjjkki3zii366f2/gradle-4.5.1/lib/plugins/google-api-services-storage-v1-rev78-1.22.0.jar
7f378de5b000-7f378de5d000 r--s 00003000 08:03 434941                     /app/cache/wrapper/dists/gradle-4.5.1-all/87kuriyahurjjkki3zii366f2/gradle-4.5.1/lib/plugins/gradle-resources-gcs-4.5.1.jar
7f378de5d000-7f378de5f000 r--s 00010000 08:03 434919                     /app/cache/wrapper/dists/gradle-4.5.1-all/87kuriyahurjjkki3zii366f2/gradle-4.5.1/lib/plugins/gradle-reporting-4.5.1.jar
7f378de5f000-7f378de61000 r--s 00005000 08:03 434922                     /app/cache/wrapper/dists/gradle-4.5.1-all/87kuriyahurjjkki3zii366f2/gradle-4.5.1/lib/plugins/gradle-publish-4.5.1.jar
7f378de61000-7f378de63000 r--s 00009000 08:03 435307                     /app/cache/wrapper/dists/gradle-4.5.1-all/87kuriyahurjjkki3zii366f2/gradle-4.5.1/lib/plugins/commons-cli-1.2.jar
7f378de63000-7f378de69000 r--s 00038000 08:03 434805                     /app/cache/wrapper/dists/gradle-4.5.1-all/87kuriyahurjjkki3zii366f2/gradle-4.5.1/lib/plugins/gradle-plugins-4.5.1.jar
7f378de69000-7f378de6b000 r--s 00009000 08:03 434725                     /app/cache/wrapper/dists/gradle-4.5.1-all/87kuriyahurjjkki3zii366f2/gradle-4.5.1/lib/plugins/gradle-plugin-development-4.5.1.jar
7f378de6b000-7f378de72000 r--s 0002e000 08:03 434775                     /app/cache/wrapper/dists/gradle-4.5.1-all/87kuriyahurjjkki3zii366f2/gradle-4.5.1/lib/plugins/gradle-platform-play-4.5.1.jar
7f378de72000-7f378de83000 r--s 0006f000 08:03 434870                     /app/cache/wrapper/dists/gradle-4.5.1-all/87kuriyahurjjkki3zii366f2/gradle-4.5.1/lib/plugins/gradle-platform-native-4.5.1.jar
7f378de83000-7f378de87000 r--s 0001b000 08:03 434863                     /app/cache/wrapper/dists/gradle-4.5.1-all/87kuriyahurjjkki3zii366f2/gradle-4.5.1/lib/plugins/gradle-platform-jvm-4.5.1.jar
7f378de87000-7f378de8e000 r--s 00028000 08:03 434926                     /app/cache/wrapper/dists/gradle-4.5.1-all/87kuriyahurjjkki3zii366f2/gradle-4.5.1/lib/plugins/gradle-platform-base-4.5.1.jar
7f378de8e000-7f378deb9000 r--s 00247000 08:03 435311                     /app/cache/wrapper/dists/gradle-4.5.1-all/87kuriyahurjjkki3zii366f2/gradle-4.5.1/lib/plugins/biz.aQute.bndlib-3.4.0.jar
7f378deb9000-7f378deba000 r--s 00004000 08:03 434687                     /app/cache/wrapper/dists/gradle-4.5.1-all/87kuriyahurjjkki3zii366f2/gradle-4.5.1/lib/plugins/gradle-osgi-4.5.1.jar
7f378deba000-7f378debd000 r--s 0000c000 08:03 435416                     /app/cache/wrapper/dists/gradle-4.5.1-all/87kuriyahurjjkki3zii366f2/gradle-4.5.1/lib/plugins/pmaven-groovy-0.8-20100325.jar
7f378debd000-7f378debe000 r--s 00004000 08:03 435414                     /app/cache/wrapper/dists/gradle-4.5.1-all/87kuriyahurjjkki3zii366f2/gradle-4.5.1/lib/plugins/pmaven-common-0.8-20100325.jar
7f378debe000-7f378dec3000 r--s 00026000 08:03 434728                     /app/cache/wrapper/dists/gradle-4.5.1-all/87kuriyahurjjkki3zii366f2/gradle-4.5.1/lib/plugins/gradle-maven-4.5.1.jar
7f378dec3000-7f378dec6000 r--s 0000b000 08:03 434840                     /app/cache/wrapper/dists/gradle-4.5.1-all/87kuriyahurjjkki3zii366f2/gradle-4.5.1/lib/plugins/gradle-language-scala-4.5.1.jar
7f378dec6000-7f378ded1000 r--s 0004b000 08:03 434711                     /app/cache/wrapper/dists/gradle-4.5.1-all/87kuriyahurjjkki3zii366f2/gradle-4.5.1/lib/plugins/gradle-language-native-4.5.1.jar
7f378ded1000-7f378ded3000 r--s 00005000 08:03 434860                     /app/cache/wrapper/dists/gradle-4.5.1-all/87kuriyahurjjkki3zii366f2/gradle-4.5.1/lib/plugins/gradle-language-jvm-4.5.1.jar
7f378ded3000-7f378deda000 r--s 00030000 08:03 434849                     /app/cache/wrapper/dists/gradle-4.5.1-all/87kuriyahurjjkki3zii366f2/gradle-4.5.1/lib/plugins/gradle-language-java-4.5.1.jar
7f378deda000-7f378dedc000 r--s 0000b000 08:03 434836                     /app/cache/wrapper/dists/gradle-4.5.1-all/87kuriyahurjjkki3zii366f2/gradle-4.5.1/lib/plugins/gradle-language-groovy-4.5.1.jar
7f378dedc000-7f378dee3000 r--s 00035000 08:03 435519                     /app/cache/wrapper/dists/gradle-4.5.1-all/87kuriyahurjjkki3zii366f2/gradle-4.5.1/lib/plugins/simple-4.1.21.jar
7f378dee3000-7f378deef000 r--s 00100000 08:03 435458                     /app/cache/wrapper/dists/gradle-4.5.1-all/87kuriyahurjjkki3zii366f2/gradle-4.5.1/lib/plugins/rhino-1.7R3.jar
7f378deef000-7f378def3000 r--s 00011000 08:03 434784                     /app/cache/wrapper/dists/gradle-4.5.1-all/87kuriyahurjjkki3zii366f2/gradle-4.5.1/lib/plugins/gradle-javascript-4.5.1.jar
7f378def3000-7f378def6000 r--s 00011000 08:03 434791                     /app/cache/wrapper/dists/gradle-4.5.1-all/87kuriyahurjjkki3zii366f2/gradle-4.5.1/lib/plugins/gradle-jacoco-4.5.1.jar
7f378def6000-7f378def9000 r--s 0000f000 08:03 434787                     /app/cache/wrapper/dists/gradle-4.5.1-all/87kuriyahurjjkki3zii366f2/gradle-4.5.1/lib/plugins/gradle-ivy-4.5.1.jar
7f378def9000-7f378defa000 r--s 00002000 08:03 434736                     /app/cache/wrapper/dists/gradle-4.5.1-all/87kuriyahurjjkki3zii366f2/gradle-4.5.1/lib/plugins/gradle-ide-play-4.5.1.jar
7f378defa000-7f378defb000 r--s 00011000 08:03 435529                     /app/cache/wrapper/dists/gradle-4.5.1-all/87kuriyahurjjkki3zii366f2/gradle-4.5.1/lib/plugins/dd-plist-1.20.jar
7f378defb000-7f378df00000 r--s 00029000 08:03 434694                     /app/cache/wrapper/dists/gradle-4.5.1-all/87kuriyahurjjkki3zii366f2/gradle-4.5.1/lib/plugins/gradle-ide-native-4.5.1.jar
7f378df00000-7f378df0a000 r--s 00056000 08:03 434739                     /app/cache/wrapper/dists/gradle-4.5.1-all/87kuriyahurjjkki3zii366f2/gradle-4.5.1/lib/plugins/gradle-ide-4.5.1.jar
7f378df0a000-7f378df0c000 r--s 00007000 08:03 434771                     /app/cache/wrapper/dists/gradle-4.5.1-all/87kuriyahurjjkki3zii366f2/gradle-4.5.1/lib/plugins/gradle-ear-4.5.1.jar
7f378df0c000-7f378df0e000 r--s 00005000 08:03 435091                     /app/cache/wrapper/dists/gradle-4.5.1-all/87kuriyahurjjkki3zii366f2/gradle-4.5.1/lib/plugins/jatl-0.2.2.jar
7f378df0e000-7f378df14000 r--s 00039000 08:03 434896                     /app/cache/wrapper/dists/gradle-4.5.1-all/87kuriyahurjjkki3zii366f2/gradle-4.5.1/lib/plugins/gradle-diagnostics-4.5.1.jar
7f378df14000-7f378df16000 r--s 0000c000 08:03 434828                     /app/cache/wrapper/dists/gradle-4.5.1-all/87kuriyahurjjkki3zii366f2/gradle-4.5.1/lib/plugins/gradle-composite-builds-4.5.1.jar
7f378df16000-7f378df1b000 r--s 00026000 08:03 434676                     /app/cache/wrapper/dists/gradle-4.5.1-all/87kuriyahurjjkki3zii366f2/gradle-4.5.1/lib/plugins/gradle-code-quality-4.5.1.jar
7f378df1b000-7f378df20000 r--s 00027000 08:03 434796                     /app/cache/wrapper/dists/gradle-4.5.1-all/87kuriyahurjjkki3zii366f2/gradle-4.5.1/lib/plugins/gradle-build-init-4.5.1.jar
7f378df20000-7f378df27000 r--s 0002c000 08:03 434759                     /app/cache/wrapper/dists/gradle-4.5.1-all/87kuriyahurjjkki3zii366f2/gradle-4.5.1/lib/plugins/gradle-build-comparison-4.5.1.jar
7f378df27000-7f378df28000 r--s 00002000 08:03 434944                     /app/cache/wrapper/dists/gradle-4.5.1-all/87kuriyahurjjkki3zii366f2/gradle-4.5.1/lib/plugins/gradle-build-cache-http-4.5.1.jar
7f378df28000-7f378df2a000 r--s 00008000 08:03 434684                     /app/cache/wrapper/dists/gradle-4.5.1-all/87kuriyahurjjkki3zii366f2/gradle-4.5.1/lib/plugins/gradle-antlr-4.5.1.jar
7f378df2a000-7f378df2c000 r--s 00004000 08:03 434833                     /app/cache/wrapper/dists/gradle-4.5.1-all/87kuriyahurjjkki3zii366f2/gradle-4.5.1/lib/plugins/gradle-announce-4.5.1.jar
7f378df2c000-7f378df2e000 r--s 00009000 08:03 434425                     /app/cache/wrapper/dists/gradle-4.5.1-all/87kuriyahurjjkki3zii366f2/gradle-4.5.1/lib/gradle-kotlin-dsl-tooling-builders-0.14.2.jar
7f378df2e000-7f378df31000 r--s 0000b000 08:03 434935                     /app/cache/wrapper/dists/gradle-4.5.1-all/87kuriyahurjjkki3zii366f2/gradle-4.5.1/lib/plugins/gradle-plugin-use-4.5.1.jar
7f378df31000-7f378df32000 r--s 00000000 08:03 434549                     /app/cache/wrapper/dists/gradle-4.5.1-all/87kuriyahurjjkki3zii366f2/gradle-4.5.1/lib/gradle-runtime-api-info-4.5.1.jar
7f378df32000-7f378df35000 r--s 0001c000 08:03 435610                     /app/cache/wrapper/dists/gradle-4.5.1-all/87kuriyahurjjkki3zii366f2/gradle-4.5.1/lib/plugins/nekohtml-1.9.14.jar
7f378df35000-7f378df4e000 r--s 00135000 08:03 435617                     /app/cache/wrapper/dists/gradle-4.5.1-all/87kuriyahurjjkki3zii366f2/gradle-4.5.1/lib/plugins/xercesImpl-2.11.0.jar
7f378df4e000-7f378df51000 r--s 0000c000 08:03 435022                     /app/cache/wrapper/dists/gradle-4.5.1-all/87kuriyahurjjkki3zii366f2/gradle-4.5.1/lib/plugins/gradle-resources-http-4.5.1.jar
7f378df51000-7f378df57000 r--s 0005b000 08:03 435592                     /app/cache/wrapper/dists/gradle-4.5.1-all/87kuriyahurjjkki3zii366f2/gradle-4.5.1/lib/plugins/jcifs-1.3.17.jar
7f378df57000-7f378df5e000 r--s 00049000 08:03 436153                     /app/cache/wrapper/dists/gradle-4.5.1-all/87kuriyahurjjkki3zii366f2/gradle-4.5.1/lib/plugins/httpcore-4.4.4.jar
7f378df5e000-7f378df64000 r--s 00033000 08:03 435435                     /app/cache/wrapper/dists/gradle-4.5.1-all/87kuriyahurjjkki3zii366f2/gradle-4.5.1/lib/plugins/commons-codec-1.6.jar
7f378df64000-7f378df71000 r--s 000a4000 08:03 435280                     /app/cache/wrapper/dists/gradle-4.5.1-all/87kuriyahurjjkki3zii366f2/gradle-4.5.1/lib/plugins/httpclient-4.4.1.jar
7f378df71000-7f378df94000 r--s 00223000 08:03 435157                     /app/cache/wrapper/dists/gradle-4.5.1-all/87kuriyahurjjkki3zii366f2/gradle-4.5.1/lib/plugins/org.eclipse.jgit-4.5.3.201708160445-r.jar
7f378df94000-7f378df96000 r--s 00006000 08:03 435034                     /app/cache/wrapper/dists/gradle-4.5.1-all/87kuriyahurjjkki3zii366f2/gradle-4.5.1/lib/plugins/gradle-version-control-4.5.1.jar
7f378df96000-7f378df97000 r--s 00000000 08:03 434555                     /app/cache/wrapper/dists/gradle-4.5.1-all/87kuriyahurjjkki3zii366f2/gradle-4.5.1/lib/gradle-installation-beacon-4.5.1.jar
7f378df97000-7f378dfea000 r--s 00373000 08:03 435831                     /app/cache/wrapper/dists/gradle-4.5.1-all/87kuriyahurjjkki3zii366f2/gradle-4.5.1/lib/plugins/bcprov-jdk15on-1.58.jar
7f378dfea000-7f378dfee000 r--s 0001d000 08:03 435825                     /app/cache/wrapper/dists/gradle-4.5.1-all/87kuriyahurjjkki3zii366f2/gradle-4.5.1/lib/plugins/xbean-reflect-3.4.jar
7f378dfee000-7f378dff4000 r--s 0003f000 08:03 435044                     /app/cache/wrapper/dists/gradle-4.5.1-all/87kuriyahurjjkki3zii366f2/gradle-4.5.1/lib/plugins/maven-compat-3.0.4.jar
7f378dff4000-7f378dff5000 r--s 00002000 08:03 435085                     /app/cache/wrapper/dists/gradle-4.5.1-all/87kuriyahurjjkki3zii366f2/gradle-4.5.1/lib/plugins/wagon-http-2.4.jar
7f378dff5000-7f378dff6000 r--s 00007000 08:03 435088                     /app/cache/wrapper/dists/gradle-4.5.1-all/87kuriyahurjjkki3zii366f2/gradle-4.5.1/lib/plugins/wagon-http-shared4-2.4.jar
7f378dff6000-7f378dff8000 r--s 0000b000 08:03 436049                     /app/cache/wrapper/dists/gradle-4.5.1-all/87kuriyahurjjkki3zii366f2/gradle-4.5.1/lib/plugins/maven-plugin-api-3.0.4.jar
7f378dff8000-7f378dffa000 r--s 0000c000 08:03 435423                     /app/cache/wrapper/dists/gradle-4.5.1-all/87kuriyahurjjkki3zii366f2/gradle-4.5.1/lib/plugins/maven-aether-provider-3.0.4.jar
7f378dffa000-7f378dffe000 r--s 00021000 08:03 435427                     /app/cache/wrapper/dists/gradle-4.5.1-all/87kuriyahurjjkki3zii366f2/gradle-4.5.1/lib/plugins/maven-model-builder-3.0.4.jar
7f378dffe000-7f378e000000 r--s 00026000 08:03 436052                     /app/cache/wrapper/dists/gradle-4.5.1-all/87kuriyahurjjkki3zii366f2/gradle-4.5.1/lib/plugins/maven-model-3.0.4.jar
7f378e000000-7f378e003000 r--s 00008000 08:03 435419                     /app/cache/wrapper/dists/gradle-4.5.1-all/87kuriyahurjjkki3zii366f2/gradle-4.5.1/lib/plugins/maven-settings-builder-3.0.4.jar
7f378e003000-7f378e005000 r--s 0000a000 08:03 436060                     /app/cache/wrapper/dists/gradle-4.5.1-all/87kuriyahurjjkki3zii366f2/gradle-4.5.1/lib/plugins/maven-settings-3.0.4.jar
7f378e005000-7f378e007000 r--s 00006000 08:03 436063                     /app/cache/wrapper/dists/gradle-4.5.1-all/87kuriyahurjjkki3zii366f2/gradle-4.5.1/lib/plugins/maven-repository-metadata-3.0.4.jar
7f378e007000-7f378e009000 r--s 0000b000 08:03 436065                     /app/cache/wrapper/dists/gradle-4.5.1-all/87kuriyahurjjkki3zii366f2/gradle-4.5.1/lib/plugins/maven-artifact-3.0.4.jar
7f378e009000-7f378e00c000 r--s 0001d000 08:03 436067                     /app/cache/wrapper/dists/gradle-4.5.1-all/87kuriyahurjjkki3zii366f2/gradle-4.5.1/lib/plugins/aether-impl-1.13.1.jar
7f378e00c000-7f378e00d000 r--s 00003000 08:03 436088                     /app/cache/wrapper/dists/gradle-4.5.1-all/87kuriyahurjjkki3zii366f2/gradle-4.5.1/lib/plugins/aether-spi-1.13.1.jar
7f378e00d000-7f378e00f000 r--s 00006000 08:03 436073                     /app/cache/wrapper/dists/gradle-4.5.1-all/87kuriyahurjjkki3zii366f2/gradle-4.5.1/lib/plugins/aether-connector-wagon-1.13.1.jar
7f378e00f000-7f378e013000 r--s 0001c000 08:03 436076                     /app/cache/wrapper/dists/gradle-4.5.1-all/87kuriyahurjjkki3zii366f2/gradle-4.5.1/lib/plugins/aether-util-1.13.1.jar
7f378e013000-7f378e016000 r--s 00013000 08:03 436091                     /app/cache/wrapper/dists/gradle-4.5.1-all/87kuriyahurjjkki3zii366f2/gradle-4.5.1/lib/plugins/aether-api-1.13.1.jar
7f378e016000-7f378e018000 r--s 0000d000 08:03 436095                     /app/cache/wrapper/dists/gradle-4.5.1-all/87kuriyahurjjkki3zii366f2/gradle-4.5.1/lib/plugins/plexus-interpolation-1.14.jar
7f378e018000-7f378e019000 r--s 00006000 08:03 436096                     /app/cache/wrapper/dists/gradle-4.5.1-all/87kuriyahurjjkki3zii366f2/gradle-4.5.1/lib/plugins/plexus-sec-dispatcher-1.3.jar
7f378e019000-7f378e020000 r--s 0002e000 08:03 436099                     /app/cache/wrapper/dists/gradle-4.5.1-all/87kuriyahurjjkki3zii366f2/gradle-4.5.1/lib/plugins/plexus-container-default-1.5.5.jar
7f378e020000-7f378e021000 r--s 00002000 08:03 436115                     /app/cache/wrapper/dists/gradle-4.5.1-all/87kuriyahurjjkki3zii366f2/gradle-4.5.1/lib/plugins/wagon-file-2.4.jar
7f378e021000-7f378e023000 r--s 0000b000 08:03 436117                     /app/cache/wrapper/dists/gradle-4.5.1-all/87kuriyahurjjkki3zii366f2/gradle-4.5.1/lib/plugins/wagon-provider-api-2.4.jar
7f378e023000-7f378e026000 r--s 00034000 08:03 436120                     /app/cache/wrapper/dists/gradle-4.5.1-all/87kuriyahurjjkki3zii366f2/gradle-4.5.1/lib/plugins/plexus-utils-2.1.jar
7f378e026000-7f378e028000 r--s 0000a000 08:03 436130                     /app/cache/wrapper/dists/gradle-4.5.1-all/87kuriyahurjjkki3zii366f2/gradle-4.5.1/lib/plugins/plexus-classworlds-2.4.jar
7f378e028000-7f378e02a000 r--s 00000000 08:03 435433                     /app/cache/wrapper/dists/gradle-4.5.1-all/87kuriyahurjjkki3zii366f2/gradle-4.5.1/lib/plugins/plexus-component-annotations-1.5.5.jar
7f378e02a000-7f378e02c000 r--s 00002000 08:03 436133                     /app/cache/wrapper/dists/gradle-4.5.1-all/87kuriyahurjjkki3zii366f2/gradle-4.5.1/lib/plugins/plexus-cipher-1.7.jar
7f378e02c000-7f378e038000 r--s 0007d000 08:03 435059                     /app/cache/wrapper/dists/gradle-4.5.1-all/87kuriyahurjjkki3zii366f2/gradle-4.5.1/lib/plugins/maven-core-3.0.4.jar
7f378e038000-7f378e03d000 r--s 00034000 08:03 435509                     /app/cache/wrapper/dists/gradle-4.5.1-all/87kuriyahurjjkki3zii366f2/gradle-4.5.1/lib/plugins/gson-2.7.jar
7f378e03d000-7f378e042000 r--s 00040000 08:03 435714                     /app/cache/wrapper/dists/gradle-4.5.1-all/87kuriyahurjjkki3zii366f2/gradle-4.5.1/lib/plugins/jsch-0.1.54.jar
7f378e042000-7f378e051000 r--s 000d9000 08:03 435675                     /app/cache/wrapper/dists/gradle-4.5.1-all/87kuriyahurjjkki3zii366f2/gradle-4.5.1/lib/plugins/ivy-2.2.0.jar
7f378e051000-7f378e079000 r--s 00142000 08:03 434946                     /app/cache/wrapper/dists/gradle-4.5.1-all/87kuriyahurjjkki3zii366f2/gradle-4.5.1/lib/plugins/gradle-dependency-management-4.5.1.jar
7f378e079000-7f378e07c000 r--s 0000d000 08:03 435029                     /app/cache/wrapper/dists/gradle-4.5.1-all/87kuriyahurjjkki3zii366f2/gradle-4.5.1/lib/plugins/gradle-workers-4.5.1.jar
7f378e07c000-7f378e105000 r-xp 00000000 08:04 959062                     /lib/ld-musl-x86_64.so.1
7f378e105000-7f378e304000 ---p 00089000 08:04 959062                     /lib/ld-musl-x86_64.so.1
7f378e304000-7f378e305000 r--p 00088000 08:04 959062                     /lib/ld-musl-x86_64.so.1
7f378e305000-7f378e306000 rw-p 00089000 08:04 959062                     /lib/ld-musl-x86_64.so.1
7f378e306000-7f378e309000 rw-p 00000000 00:00 0 
7f378e309000-7f378e31a000 r-xp 00000000 08:04 1075339                    /usr/lib/libgcc_s.so.1
7f378e31a000-7f378e519000 ---p 00011000 08:04 1075339                    /usr/lib/libgcc_s.so.1
7f378e519000-7f378e51a000 r--p 00010000 08:04 1075339                    /usr/lib/libgcc_s.so.1
7f378e51a000-7f378e51b000 rw-p 00011000 08:04 1075339                    /usr/lib/libgcc_s.so.1
7f378e51b000-7f378e65c000 r-xp 00000000 08:04 1075351                    /usr/lib/libstdc++.so.6.0.22
7f378e65c000-7f378e85b000 ---p 00141000 08:04 1075351                    /usr/lib/libstdc++.so.6.0.22
7f378e85b000-7f378e869000 r--p 00140000 08:04 1075351                    /usr/lib/libstdc++.so.6.0.22
7f378e869000-7f378e86a000 rw-p 0014e000 08:04 1075351                    /usr/lib/libstdc++.so.6.0.22
7f378e86a000-7f378e86d000 rw-p 00000000 00:00 0 
7f378e86d000-7f378e86f000 r--s 00010000 08:03 435038                     /app/cache/wrapper/dists/gradle-4.5.1-all/87kuriyahurjjkki3zii366f2/gradle-4.5.1/lib/plugins/asm-util-6.0.jar
7f378e86f000-7f378e874000 r-xp 00000000 08:03 463829                     /app/cache/native/25/linux-amd64/libnative-platform.so
7f378e874000-7f378ea73000 ---p 00005000 08:03 463829                     /app/cache/native/25/linux-amd64/libnative-platform.so
7f378ea73000-7f378ea74000 rw-p 00004000 08:03 463829                     /app/cache/native/25/linux-amd64/libnative-platform.so
7f378ea74000-7f378ea85000 r-xp 00000000 08:04 961546                     /opt/jdk1.8.0_172/jre/lib/amd64/libnio.so
7f378ea85000-7f378ec84000 ---p 00011000 08:04 961546                     /opt/jdk1.8.0_172/jre/lib/amd64/libnio.so
7f378ec84000-7f378ec85000 rw-p 00010000 08:04 961546                     /opt/jdk1.8.0_172/jre/lib/amd64/libnio.so
7f378ec85000-7f378ec9b000 r-xp 00000000 08:04 961545                     /opt/jdk1.8.0_172/jre/lib/amd64/libnet.so
7f378ec9b000-7f378ee9b000 ---p 00016000 08:04 961545                     /opt/jdk1.8.0_172/jre/lib/amd64/libnet.so
7f378ee9b000-7f378ee9c000 rw-p 00016000 08:04 961545                     /opt/jdk1.8.0_172/jre/lib/amd64/libnet.so
7f378ee9c000-7f378ee9d000 r--s 00006000 08:03 434554                     /app/cache/wrapper/dists/gradle-4.5.1-all/87kuriyahurjjkki3zii366f2/gradle-4.5.1/lib/gradle-wrapper-4.5.1.jar
7f378ee9d000-7f378eeab000 r--s 00046000 08:03 434550                     /app/cache/wrapper/dists/gradle-4.5.1-all/87kuriyahurjjkki3zii366f2/gradle-4.5.1/lib/gradle-tooling-api-4.5.1.jar
7f378eeab000-7f378eeac000 r--s 00002000 08:03 434545                     /app/cache/wrapper/dists/gradle-4.5.1-all/87kuriyahurjjkki3zii366f2/gradle-4.5.1/lib/kotlin-stdlib-jre8-1.2.0.jar
7f378eeac000-7f378eead000 r--s 00000000 08:03 434544                     /app/cache/wrapper/dists/gradle-4.5.1-all/87kuriyahurjjkki3zii366f2/gradle-4.5.1/lib/kotlin-stdlib-jre7-1.2.0.jar
7f378eead000-7f378eebd000 r--s 000d4000 08:03 434543                     /app/cache/wrapper/dists/gradle-4.5.1-all/87kuriyahurjjkki3zii366f2/gradle-4.5.1/lib/kotlin-stdlib-1.2.0.jar
7f378eebd000-7f378eebf000 r--s 00008000 08:03 434542                     /app/cache/wrapper/dists/gradle-4.5.1-all/87kuriyahurjjkki3zii366f2/gradle-4.5.1/lib/kotlin-script-runtime-1.2.0.jar
7f378eebf000-7f378eec0000 r--s 00002000 08:03 434541                     /app/cache/wrapper/dists/gradle-4.5.1-all/87kuriyahurjjkki3zii366f2/gradle-4.5.1/lib/kotlin-sam-with-receiver-compiler-plugin-1.2.0.jar
7f378eec0000-7f378eef4000 r--s 00239000 08:03 434536                     /app/cache/wrapper/dists/gradle-4.5.1-all/87kuriyahurjjkki3zii366f2/gradle-4.5.1/lib/kotlin-reflect-1.2.0.jar
7f378eef4000-7f378f0a0000 r--s 0177c000 08:03 434427                     /app/cache/wrapper/dists/gradle-4.5.1-all/87kuriyahurjjkki3zii366f2/gradle-4.5.1/lib/kotlin-compiler-embeddable-1.2.0.jar
7f378f0a0000-7f378f0a1000 r--s 00000000 08:03 434426                     /app/cache/wrapper/dists/gradle-4.5.1-all/87kuriyahurjjkki3zii366f2/gradle-4.5.1/lib/gradle-kotlin-dsl-tooling-models-0.14.2.jar
7f378f0a1000-7f378f0a3000 r--s 00003000 08:03 434423                     /app/cache/wrapper/dists/gradle-4.5.1-all/87kuriyahurjjkki3zii366f2/gradle-4.5.1/lib/annotations-13.0.jar
7f378f0a3000-7f378f0af000 r--s 00087000 08:03 434424                     /app/cache/wrapper/dists/gradle-4.5.1-all/87kuriyahurjjkki3zii366f2/gradle-4.5.1/lib/gradle-kotlin-dsl-0.14.2.jar
7f378f0af000-7f378f0b3000 r--s 00013000 08:03 434562                     /app/cache/wrapper/dists/gradle-4.5.1-all/87kuriyahurjjkki3zii366f2/gradle-4.5.1/lib/gradle-build-cache-4.5.1.jar
7f378f0b3000-7f378f0b9000 r--s 0002e000 08:03 434566                     /app/cache/wrapper/dists/gradle-4.5.1-all/87kuriyahurjjkki3zii366f2/gradle-4.5.1/lib/gradle-persistent-cache-4.5.1.jar
7f378f0b9000-7f378f0bd000 r--s 00014000 08:03 434565                     /app/cache/wrapper/dists/gradle-4.5.1-all/87kuriyahurjjkki3zii366f2/gradle-4.5.1/lib/gradle-resources-4.5.1.jar
7f378f0bd000-7f378f0be000 r--s 00003000 08:03 434582                     /app/cache/wrapper/dists/gradle-4.5.1-all/87kuriyahurjjkki3zii366f2/gradle-4.5.1/lib/gradle-build-option-4.5.1.jar
7f378f0be000-7f378f0c0000 r--s 00005000 08:03 434583                     /app/cache/wrapper/dists/gradle-4.5.1-all/87kuriyahurjjkki3zii366f2/gradle-4.5.1/lib/gradle-cli-4.5.1.jar
7f378f0c0000-7f378f0c2000 r--s 00003000 08:03 434593                     /app/cache/wrapper/dists/gradle-4.5.1-all/87kuriyahurjjkki3zii366f2/gradle-4.5.1/lib/jcl-over-slf4j-1.7.10.jar
7f378f0c2000-7f378f0c3000 r--s 00005000 08:03 434592                     /app/cache/wrapper/dists/gradle-4.5.1-all/87kuriyahurjjkki3zii366f2/gradle-4.5.1/lib/log4j-over-slf4j-1.7.10.jar
7f378f0c3000-7f378f0c5000 r--s 00000000 08:03 434591                     /app/cache/wrapper/dists/gradle-4.5.1-all/87kuriyahurjjkki3zii366f2/gradle-4.5.1/lib/jul-to-slf4j-1.7.10.jar
7f378f0c5000-7f378f0cc000 r--s 00030000 08:03 434563                     /app/cache/wrapper/dists/gradle-4.5.1-all/87kuriyahurjjkki3zii366f2/gradle-4.5.1/lib/gradle-logging-4.5.1.jar
7f378f0cc000-7f378f0dc000 r--s 00082000 08:03 434569                     /app/cache/wrapper/dists/gradle-4.5.1-all/87kuriyahurjjkki3zii366f2/gradle-4.5.1/lib/gradle-model-core-4.5.1.jar
7f378f0dc000-7f378f0de000 r--s 00006000 08:03 434577                     /app/cache/wrapper/dists/gradle-4.5.1-all/87kuriyahurjjkki3zii366f2/gradle-4.5.1/lib/gradle-base-services-groovy-4.5.1.jar
7f378f0de000-7f378f0e0000 r--s 00007000 08:03 434568                     /app/cache/wrapper/dists/gradle-4.5.1-all/87kuriyahurjjkki3zii366f2/gradle-4.5.1/lib/gradle-model-groovy-4.5.1.jar
7f378f0e0000-7f378f0e1000 r--s 00002000 08:03 434644                     /app/cache/wrapper/dists/gradle-4.5.1-all/87kuriyahurjjkki3zii366f2/gradle-4.5.1/lib/gradle-docs-4.5.1.jar
7f378f0e1000-7f378f0ea000 r--s 0002d000 08:03 434639                     /app/cache/wrapper/dists/gradle-4.5.1-all/87kuriyahurjjkki3zii366f2/gradle-4.5.1/lib/xml-apis-1.4.01.jar
7f378f0ea000-7f378f0f4000 r--s 00078000 08:03 434634                     /app/cache/wrapper/dists/gradle-4.5.1-all/87kuriyahurjjkki3zii366f2/gradle-4.5.1/lib/commons-compress-1.14.jar
7f378f0f4000-7f378f101000 r--s 00083000 08:03 434624                     /app/cache/wrapper/dists/gradle-4.5.1-all/87kuriyahurjjkki3zii366f2/gradle-4.5.1/lib/commons-collections-3.2.2.jar
7f378f101000-7f378f103000 r--s 0000a000 08:03 434585                     /app/cache/wrapper/dists/gradle-4.5.1-all/87kuriyahurjjkki3zii366f2/gradle-4.5.1/lib/asm-tree-6.0.jar
7f378f103000-7f378f104000 r--s 00012000 08:03 434584                     /app/cache/wrapper/dists/gradle-4.5.1-all/87kuriyahurjjkki3zii366f2/gradle-4.5.1/lib/asm-commons-6.0.jar
7f378f104000-7f378f105000 r--s 00000000 08:03 434623                     /app/cache/wrapper/dists/gradle-4.5.1-all/87kuriyahurjjkki3zii366f2/gradle-4.5.1/lib/javax.inject-1.jar
7f378f105000-7f378f175000 r--s 00646000 08:03 434608                     /app/cache/wrapper/dists/gradle-4.5.1-all/87kuriyahurjjkki3zii366f2/gradle-4.5.1/lib/groovy-all-2.4.12.jar
7f378f175000-7f378f178000 r--s 00023000 08:03 434645                     /app/cache/wrapper/dists/gradle-4.5.1-all/87kuriyahurjjkki3zii366f2/gradle-4.5.1/lib/jansi-1.14.jar
7f378f178000-7f378f179000 r--s 00004000 08:03 434648                     /app/cache/wrapper/dists/gradle-4.5.1-all/87kuriyahurjjkki3zii366f2/gradle-4.5.1/lib/native-platform-freebsd-amd64-libcpp-0.14.jar
7f378f179000-7f378f17a000 r--s 00004000 08:03 434649                     /app/cache/wrapper/dists/gradle-4.5.1-all/87kuriyahurjjkki3zii366f2/gradle-4.5.1/lib/native-platform-freebsd-amd64-libstdcpp-0.14.jar
7f378f17a000-7f378f17b000 r--s 00004000 08:03 434650                     /app/cache/wrapper/dists/gradle-4.5.1-all/87kuriyahurjjkki3zii366f2/gradle-4.5.1/lib/native-platform-freebsd-i386-libcpp-0.14.jar
7f378f17b000-7f378f17c000 r--s 00003000 08:03 434651                     /app/cache/wrapper/dists/gradle-4.5.1-all/87kuriyahurjjkki3zii366f2/gradle-4.5.1/lib/native-platform-freebsd-i386-libstdcpp-0.14.jar
7f378f17c000-7f378f17d000 r--s 00002000 08:03 434652                     /app/cache/wrapper/dists/gradle-4.5.1-all/87kuriyahurjjkki3zii366f2/gradle-4.5.1/lib/native-platform-linux-amd64-0.14.jar
7f378f17d000-7f378f17e000 r--s 00002000 08:03 434653                     /app/cache/wrapper/dists/gradle-4.5.1-all/87kuriyahurjjkki3zii366f2/gradle-4.5.1/lib/native-platform-linux-i386-0.14.jar
7f378f17e000-7f378f180000 r--s 00002000 08:03 434654                     /app/cache/wrapper/dists/gradle-4.5.1-all/87kuriyahurjjkki3zii366f2/gradle-4.5.1/lib/native-platform-osx-amd64-0.14.jar
7f378f180000-7f378f181000 r--s 00003000 08:03 434655                     /app/cache/wrapper/dists/gradle-4.5.1-all/87kuriyahurjjkki3zii366f2/gradle-4.5.1/lib/native-platform-osx-i386-0.14.jar
7f378f181000-7f378f183000 r--s 0000b000 08:03 434656                     /app/cache/wrapper/dists/gradle-4.5.1-all/87kuriyahurjjkki3zii366f2/gradle-4.5.1/lib/native-platform-windows-amd64-0.14.jar
7f378f183000-7f378f184000 r--s 0000b000 08:03 434658                     /app/cache/wrapper/dists/gradle-4.5.1-all/87kuriyahurjjkki3zii366f2/gradle-4.5.1/lib/native-platform-windows-i386-0.14.jar
7f378f184000-7f378f185000 r--s 00001000 08:03 434662                     /app/cache/wrapper/dists/gradle-4.5.1-all/87kuriyahurjjkki3zii366f2/gradle-4.5.1/lib/native-platform-linux-amd64-ncurses5-0.14.jar
7f378f185000-7f378f186000 r--s 00001000 08:03 434664                     /app/cache/wrapper/dists/gradle-4.5.1-all/87kuriyahurjjkki3zii366f2/gradle-4.5.1/lib/native-platform-linux-amd64-ncurses6-0.14.jar
7f378f186000-7f378f18a000 r--s 00012000 08:03 434631                     /app/cache/wrapper/dists/gradle-4.5.1-all/87kuriyahurjjkki3zii366f2/gradle-4.5.1/lib/native-platform-0.14.jar
7f378f18a000-7f378f18d000 r--s 0000c000 08:03 434567                     /app/cache/wrapper/dists/gradle-4.5.1-all/87kuriyahurjjkki3zii366f2/gradle-4.5.1/lib/gradle-native-4.5.1.jar
7f378f18d000-7f378f1b5000 r--s 001cf000 08:03 434595                     /app/cache/wrapper/dists/gradle-4.5.1-all/87kuriyahurjjkki3zii366f2/gradle-4.5.1/lib/guava-jdk5-17.0.jar
7f378f1b5000-7f378f1f2000 r--s 00211000 08:03 434556                     /app/cache/wrapper/dists/gradle-4.5.1-all/87kuriyahurjjkki3zii366f2/gradle-4.5.1/lib/gradle-core-4.5.1.jar
7f378f1f2000-7f378f1f3000 ---p 00000000 00:00 0 
7f378f1f3000-7f378f2f3000 rw-p 00000000 00:00 0 
7f378f2f3000-7f378f2f6000 ---p 00000000 00:00 0 
7f378f2f6000-7f378f3f4000 rw-p 00000000 00:00 0 
7f378f3f4000-7f378f3f5000 ---p 00000000 00:00 0 
7f378f3f5000-7f378f3f8000 ---p 00000000 00:00 0 
7f378f3f8000-7f378f4f5000 rw-p 00000000 00:00 0 
7f378f4f5000-7f378f4f6000 ---p 00000000 00:00 0 
7f378f4f6000-7f378f4f9000 ---p 00000000 00:00 0 
7f378f4f9000-7f378f5f6000 rw-p 00000000 00:00 0 
7f378f5f6000-7f378f5f7000 ---p 00000000 00:00 0 
7f378f5f7000-7f378f5fa000 ---p 00000000 00:00 0 
7f378f5fa000-7f378f6f7000 rw-p 00000000 00:00 0 
7f378f6f7000-7f378f6fa000 ---p 00000000 00:00 0 
7f378f6fa000-7f378f7f8000 rw-p 00000000 00:00 0 
7f378f7f8000-7f378f7fb000 ---p 00000000 00:00 0 
7f378f7fb000-7f378f8f9000 rw-p 00000000 00:00 0 
7f378f8f9000-7f378f8fc000 ---p 00000000 00:00 0 
7f378f8fc000-7f378f9fa000 rw-p 00000000 00:00 0 
7f378f9fa000-7f378f9fb000 ---p 00000000 00:00 0 
7f378f9fb000-7f3790000000 rw-p 00000000 00:00 0 
7f3790000000-7f3790021000 rw-p 00000000 00:00 0 
7f3790021000-7f3794000000 ---p 00000000 00:00 0 
7f3794000000-7f3794021000 rw-p 00000000 00:00 0 
7f3794021000-7f3798000000 ---p 00000000 00:00 0 
7f3798000000-7f3798043000 rw-p 00000000 00:00 0 
7f3798043000-7f379c000000 ---p 00000000 00:00 0 
7f379c000000-7f379c001000 r--s 00001000 08:03 434666                     /app/cache/wrapper/dists/gradle-4.5.1-all/87kuriyahurjjkki3zii366f2/gradle-4.5.1/lib/native-platform-linux-i386-ncurses5-0.14.jar
7f379c001000-7f379c003000 r--s 0000f000 08:03 434587                     /app/cache/wrapper/dists/gradle-4.5.1-all/87kuriyahurjjkki3zii366f2/gradle-4.5.1/lib/reflectasm-1.07-shaded.jar
7f379c003000-7f379c005000 r--s 00000000 08:03 434670                     /app/cache/wrapper/dists/gradle-4.5.1-all/87kuriyahurjjkki3zii366f2/gradle-4.5.1/lib/minlog-1.2.jar
7f379c005000-7f379c007000 r--s 00007000 08:03 434671                     /app/cache/wrapper/dists/gradle-4.5.1-all/87kuriyahurjjkki3zii366f2/gradle-4.5.1/lib/objenesis-1.2.jar
7f379c007000-7f379c00b000 r--s 00026000 08:03 434586                     /app/cache/wrapper/dists/gradle-4.5.1-all/87kuriyahurjjkki3zii366f2/gradle-4.5.1/lib/kryo-2.20.jar
7f379c00b000-7f379c011000 r--s 0002b000 08:03 434578                     /app/cache/wrapper/dists/gradle-4.5.1-all/87kuriyahurjjkki3zii366f2/gradle-4.5.1/lib/gradle-messaging-4.5.1.jar
7f379c011000-7f379c013000 r--s 00006000 08:03 434564                     /app/cache/wrapper/dists/gradle-4.5.1-all/87kuriyahurjjkki3zii366f2/gradle-4.5.1/lib/gradle-process-services-4.5.1.jar
7f379c013000-7f379c018000 r--s 00041000 08:03 434604                     /app/cache/wrapper/dists/gradle-4.5.1-all/87kuriyahurjjkki3zii366f2/gradle-4.5.1/lib/commons-lang-2.6.jar
7f379c018000-7f379c01b000 r--s 0001a000 08:03 434603                     /app/cache/wrapper/dists/gradle-4.5.1-all/87kuriyahurjjkki3zii366f2/gradle-4.5.1/lib/fastutil-7.2.1-min.jar
7f379c01b000-7f379c03a000 r--s 001d5000 08:03 434617                     /app/cache/wrapper/dists/gradle-4.5.1-all/87kuriyahurjjkki3zii366f2/gradle-4.5.1/lib/ant-1.9.9.jar
7f379c03a000-7f379c046000 r--s 00034000 08:03 434561                     /app/cache/wrapper/dists/gradle-4.5.1-all/87kuriyahurjjkki3zii366f2/gradle-4.5.1/lib/gradle-core-api-4.5.1.jar
7f379c046000-7f379c052000 r--s 00059000 08:03 434580                     /app/cache/wrapper/dists/gradle-4.5.1-all/87kuriyahurjjkki3zii366f2/gradle-4.5.1/lib/gradle-base-services-4.5.1.jar
7f379c052000-7f379c075000 r--p 00000000 08:04 1075239                    /usr/glibc-compat/lib/locale/locale-archive
7f379c075000-7f379d000000 rw-p 00000000 00:00 0 
7f379d000000-7f379da60000 rwxp 00000000 00:00 0 
7f379da60000-7f37ac000000 ---p 00000000 00:00 0 
7f37ac000000-7f37afe43000 rw-p 00000000 00:00 0 
7f37afe43000-7f37b0000000 ---p 00000000 00:00 0 
7f37b0000000-7f37b0002000 r--s 00000000 08:03 434560                     /app/cache/wrapper/dists/gradle-4.5.1-all/87kuriyahurjjkki3zii366f2/gradle-4.5.1/lib/gradle-jvm-services-4.5.1.jar
7f37b0002000-7f37b0005000 r--s 00006000 08:03 434602                     /app/cache/wrapper/dists/gradle-4.5.1-all/87kuriyahurjjkki3zii366f2/gradle-4.5.1/lib/jsr305-1.3.9.jar
7f37b0005000-7f37b0012000 r--s 0005e000 08:03 434546                     /app/cache/wrapper/dists/gradle-4.5.1-all/87kuriyahurjjkki3zii366f2/gradle-4.5.1/lib/gradle-launcher-4.5.1.jar
7f37b0012000-7f37b0336000 rw-p 00000000 00:00 0 
7f37b0336000-7f37b0510000 r--s 03d6a000 08:04 961686                     /opt/jdk1.8.0_172/jre/lib/rt.jar
7f37b0510000-7f37b2786000 rw-p 00000000 00:00 0 
7f37b2786000-7f37b2787000 ---p 00000000 00:00 0 
7f37b2787000-7f37b2887000 rw-p 00000000 00:00 0 
7f37b2887000-7f37b2888000 ---p 00000000 00:00 0 
7f37b2888000-7f37b2988000 rw-p 00000000 00:00 0 
7f37b2988000-7f37b2989000 ---p 00000000 00:00 0 
7f37b2989000-7f37b2a89000 rw-p 00000000 00:00 0 
7f37b2a89000-7f37b2a8a000 ---p 00000000 00:00 0 
7f37b2a8a000-7f37b2ba1000 rw-p 00000000 00:00 0 
7f37b2ba1000-7f37b2ce0000 ---p 00000000 00:00 0 
7f37b2ce0000-7f37b2cf7000 rw-p 00000000 00:00 0 
7f37b2cf7000-7f37b2e35000 ---p 00000000 00:00 0 
7f37b2e35000-7f37b2e7b000 rw-p 00000000 00:00 0 
7f37b2e7b000-7f37b2ee0000 ---p 00000000 00:00 0 
7f37b2ee0000-7f37b2f0b000 rw-p 00000000 00:00 0 
7f37b2f0b000-7f37b32a1000 ---p 00000000 00:00 0 
7f37b32a1000-7f37b32bc000 r-xp 00000000 08:04 961557                     /opt/jdk1.8.0_172/jre/lib/amd64/libzip.so
7f37b32bc000-7f37b34bc000 ---p 0001b000 08:04 961557                     /opt/jdk1.8.0_172/jre/lib/amd64/libzip.so
7f37b34bc000-7f37b34bd000 rw-p 0001b000 08:04 961557                     /opt/jdk1.8.0_172/jre/lib/amd64/libzip.so
7f37b34bd000-7f37b34c8000 r-xp 00000000 08:04 1075216                    /usr/glibc-compat/lib/libnss_files-2.27.so
7f37b34c8000-7f37b36c7000 ---p 0000b000 08:04 1075216                    /usr/glibc-compat/lib/libnss_files-2.27.so
7f37b36c7000-7f37b36c8000 r--p 0000a000 08:04 1075216                    /usr/glibc-compat/lib/libnss_files-2.27.so
7f37b36c8000-7f37b36c9000 rw-p 0000b000 08:04 1075216                    /usr/glibc-compat/lib/libnss_files-2.27.so
7f37b36c9000-7f37b36cf000 rw-p 00000000 00:00 0 
7f37b36cf000-7f37b36fa000 r-xp 00000000 08:04 961531                     /opt/jdk1.8.0_172/jre/lib/amd64/libjava.so
7f37b36fa000-7f37b38f9000 ---p 0002b000 08:04 961531                     /opt/jdk1.8.0_172/jre/lib/amd64/libjava.so
7f37b38f9000-7f37b38fb000 rw-p 0002a000 08:04 961531                     /opt/jdk1.8.0_172/jre/lib/amd64/libjava.so
7f37b38fb000-7f37b3908000 r-xp 00000000 08:04 961556                     /opt/jdk1.8.0_172/jre/lib/amd64/libverify.so
7f37b3908000-7f37b3b08000 ---p 0000d000 08:04 961556                     /opt/jdk1.8.0_172/jre/lib/amd64/libverify.so
7f37b3b08000-7f37b3b0a000 rw-p 0000d000 08:04 961556                     /opt/jdk1.8.0_172/jre/lib/amd64/libverify.so
7f37b3b0a000-7f37b3b11000 r-xp 00000000 08:04 1075229                    /usr/glibc-compat/lib/librt-2.27.so
7f37b3b11000-7f37b3d10000 ---p 00007000 08:04 1075229                    /usr/glibc-compat/lib/librt-2.27.so
7f37b3d10000-7f37b3d11000 r--p 00006000 08:04 1075229                    /usr/glibc-compat/lib/librt-2.27.so
7f37b3d11000-7f37b3d12000 rw-p 00007000 08:04 1075229                    /usr/glibc-compat/lib/librt-2.27.so
7f37b3d12000-7f37b3ea6000 r-xp 00000000 08:04 1075198                    /usr/glibc-compat/lib/libm-2.27.so
7f37b3ea6000-7f37b40a5000 ---p 00194000 08:04 1075198                    /usr/glibc-compat/lib/libm-2.27.so
7f37b40a5000-7f37b40a6000 r--p 00193000 08:04 1075198                    /usr/glibc-compat/lib/libm-2.27.so
7f37b40a6000-7f37b40a7000 rw-p 00194000 08:04 1075198                    /usr/glibc-compat/lib/libm-2.27.so
7f37b40a7000-7f37b4d83000 r-xp 00000000 08:04 961561                     /opt/jdk1.8.0_172/jre/lib/amd64/server/libjvm.so
7f37b4d83000-7f37b4f83000 ---p 00cdc000 08:04 961561                     /opt/jdk1.8.0_172/jre/lib/amd64/server/libjvm.so
7f37b4f83000-7f37b505d000 rw-p 00cdc000 08:04 961561                     /opt/jdk1.8.0_172/jre/lib/amd64/server/libjvm.so
7f37b505d000-7f37b50a8000 rw-p 00000000 00:00 0 
7f37b50a8000-7f37b5253000 r-xp 00000000 08:04 1075186                    /usr/glibc-compat/lib/libc-2.27.so
7f37b5253000-7f37b5453000 ---p 001ab000 08:04 1075186                    /usr/glibc-compat/lib/libc-2.27.so
7f37b5453000-7f37b5457000 r--p 001ab000 08:04 1075186                    /usr/glibc-compat/lib/libc-2.27.so
7f37b5457000-7f37b5459000 rw-p 001af000 08:04 1075186                    /usr/glibc-compat/lib/libc-2.27.so
7f37b5459000-7f37b545d000 rw-p 00000000 00:00 0 
7f37b545d000-7f37b5460000 r-xp 00000000 08:04 1075195                    /usr/glibc-compat/lib/libdl-2.27.so
7f37b5460000-7f37b565f000 ---p 00003000 08:04 1075195                    /usr/glibc-compat/lib/libdl-2.27.so
7f37b565f000-7f37b5660000 r--p 00002000 08:04 1075195                    /usr/glibc-compat/lib/libdl-2.27.so
7f37b5660000-7f37b5661000 rw-p 00003000 08:04 1075195                    /usr/glibc-compat/lib/libdl-2.27.so
7f37b5661000-7f37b5677000 r-xp 00000000 08:04 961709                     /opt/jdk1.8.0_172/lib/amd64/jli/libjli.so
7f37b5677000-7f37b5876000 ---p 00016000 08:04 961709                     /opt/jdk1.8.0_172/lib/amd64/jli/libjli.so
7f37b5876000-7f37b5877000 rw-p 00015000 08:04 961709                     /opt/jdk1.8.0_172/lib/amd64/jli/libjli.so
7f37b5877000-7f37b5890000 r-xp 00000000 08:04 1075223                    /usr/glibc-compat/lib/libpthread-2.27.so
7f37b5890000-7f37b5a8f000 ---p 00019000 08:04 1075223                    /usr/glibc-compat/lib/libpthread-2.27.so
7f37b5a8f000-7f37b5a90000 r--p 00018000 08:04 1075223                    /usr/glibc-compat/lib/libpthread-2.27.so
7f37b5a90000-7f37b5a91000 rw-p 00019000 08:04 1075223                    /usr/glibc-compat/lib/libpthread-2.27.so
7f37b5a91000-7f37b5a95000 rw-p 00000000 00:00 0 
7f37b5a95000-7f37b5aba000 r-xp 00000000 08:04 1075177                    /usr/glibc-compat/lib/ld-2.27.so
7f37b5aba000-7f37b5abb000 r--s 00001000 08:03 434668                     /app/cache/wrapper/dists/gradle-4.5.1-all/87kuriyahurjjkki3zii366f2/gradle-4.5.1/lib/native-platform-linux-i386-ncurses6-0.14.jar
7f37b5abb000-7f37b5abc000 r--s 00000000 08:03 434607                     /app/cache/wrapper/dists/gradle-4.5.1-all/87kuriyahurjjkki3zii366f2/gradle-4.5.1/lib/jcip-annotations-1.0.jar
7f37b5abc000-7f37b5abd000 r--s 00007000 08:03 434594                     /app/cache/wrapper/dists/gradle-4.5.1-all/87kuriyahurjjkki3zii366f2/gradle-4.5.1/lib/slf4j-api-1.7.10.jar
7f37b5abd000-7f37b5ac1000 r--s 00027000 08:03 434589                     /app/cache/wrapper/dists/gradle-4.5.1-all/87kuriyahurjjkki3zii366f2/gradle-4.5.1/lib/commons-io-2.2.jar
7f37b5ac1000-7f37b5ac3000 r--s 00016000 08:03 434588                     /app/cache/wrapper/dists/gradle-4.5.1-all/87kuriyahurjjkki3zii366f2/gradle-4.5.1/lib/asm-6.0.jar
7f37b5ac3000-7f37b5ac4000 r--s 00004000 08:03 434646                     /app/cache/wrapper/dists/gradle-4.5.1-all/87kuriyahurjjkki3zii366f2/gradle-4.5.1/lib/ant-launcher-1.9.9.jar
7f37b5ac4000-7f37b5baa000 rw-p 00000000 00:00 0 
7f37b5baa000-7f37b5bb2000 rw-s 00000000 08:04 479919                     /tmp/hsperfdata_root/31
7f37b5bb2000-7f37b5bb3000 ---p 00000000 00:00 0 
7f37b5bb3000-7f37b5bb6000 ---p 00000000 00:00 0 
7f37b5bb6000-7f37b5cb8000 rw-p 00000000 00:00 0 
7f37b5cb8000-7f37b5cb9000 ---p 00000000 00:00 0 
7f37b5cb9000-7f37b5cba000 r--p 00024000 08:04 1075177                    /usr/glibc-compat/lib/ld-2.27.so
7f37b5cba000-7f37b5cbb000 rw-p 00025000 08:04 1075177                    /usr/glibc-compat/lib/ld-2.27.so
7f37b5cbb000-7f37b5cbc000 rw-p 00000000 00:00 0 
7ffea7b84000-7ffea7ba5000 rw-p 00000000 00:00 0                          [stack]
7ffea7ba7000-7ffea7baa000 r--p 00000000 00:00 0                          [vvar]
7ffea7baa000-7ffea7bac000 r-xp 00000000 00:00 0                          [vdso]
ffffffffff600000-ffffffffff601000 r-xp 00000000 00:00 0                  [vsyscall]

VM Arguments:
jvm_args: -XX:+HeapDumpOnOutOfMemoryError -Xmx1024m -Dfile.encoding=UTF-8 -Duser.country -Duser.language=en -Duser.variant 
java_command: org.gradle.launcher.daemon.bootstrap.GradleDaemon 4.5.1
java_class_path (initial): /app/cache/wrapper/dists/gradle-4.5.1-all/87kuriyahurjjkki3zii366f2/gradle-4.5.1/lib/gradle-launcher-4.5.1.jar
Launcher Type: SUN_STANDARD

Environment Variables:
JAVA_HOME=/opt/jdk
PATH=/usr/local/sbin:/usr/local/bin:/usr/sbin:/usr/bin:/sbin:/bin:/opt/jdk/bin

Signal Handlers:
SIGSEGV: [libjvm.so+0xad2ab0], sa_mask[0]=11111111011111111101111111111110, sa_flags=SA_RESTART|SA_SIGINFO
SIGBUS: [libjvm.so+0xad2ab0], sa_mask[0]=11111111011111111101111111111110, sa_flags=SA_RESTART|SA_SIGINFO
SIGFPE: [libjvm.so+0x92a790], sa_mask[0]=11111111011111111101111111111110, sa_flags=SA_RESTART|SA_SIGINFO
SIGPIPE: [libjvm.so+0x92a790], sa_mask[0]=11111111011111111101111111111110, sa_flags=SA_RESTART|SA_SIGINFO
SIGXFSZ: [libjvm.so+0x92a790], sa_mask[0]=11111111011111111101111111111110, sa_flags=SA_RESTART|SA_SIGINFO
SIGILL: [libjvm.so+0x92a790], sa_mask[0]=11111111011111111101111111111110, sa_flags=SA_RESTART|SA_SIGINFO
SIGUSR1: SIG_DFL, sa_mask[0]=00000000000000000000000000000000, sa_flags=none
SIGUSR2: [libjvm.so+0x92bff0], sa_mask[0]=00100000000000000000000000000000, sa_flags=SA_RESTART|SA_SIGINFO
SIGHUP: [libjvm.so+0x92d3f0], sa_mask[0]=11111111011111111101111111111110, sa_flags=SA_RESTART|SA_SIGINFO
SIGINT: [libjvm.so+0x92d3f0], sa_mask[0]=11111111011111111101111111111110, sa_flags=SA_RESTART|SA_SIGINFO
SIGTERM: [libjvm.so+0x92d3f0], sa_mask[0]=11111111011111111101111111111110, sa_flags=SA_RESTART|SA_SIGINFO
SIGQUIT: [libjvm.so+0x92d3f0], sa_mask[0]=11111111011111111101111111111110, sa_flags=SA_RESTART|SA_SIGINFO


---------------  S Y S T E M  ---------------

OS:NAME="Alpine Linux"
ID=alpine
VERSION_ID=3.7.0
PRETTY_NAME="Alpine Linux v3.7"
HOME_URL="http://alpinelinux.org"
BUG_REPORT_URL="http://bugs.alpinelinux.org"

uname:Linux 4.13.0-41-generic #46~16.04.1-Ubuntu SMP Thu May 3 10:06:43 UTC 2018 x86_64
libc:glibc 2.27 NPTL 2.27 
rlimit: STACK 8192k, CORE infinity, NPROC infinity, NOFILE 1048576, AS infinity
load average:48.40 25.28 10.77

/proc/meminfo:
MemTotal:        7935176 kB
MemFree:          124732 kB
MemAvailable:      44808 kB
Buffers:            6028 kB
Cached:          1012728 kB
SwapCached:            0 kB
Active:          6491304 kB
Inactive:         973224 kB
Active(anon):    6463084 kB
Inactive(anon):   936188 kB
Active(file):      28220 kB
Inactive(file):    37036 kB
Unevictable:          64 kB
Mlocked:              64 kB
SwapTotal:             0 kB
SwapFree:              0 kB
Dirty:               188 kB
Writeback:             0 kB
AnonPages:       6446572 kB
Mapped:           403636 kB
Shmem:            952968 kB
Slab:             157024 kB
SReclaimable:      55640 kB
SUnreclaim:       101384 kB
KernelStack:       19392 kB
PageTables:        86760 kB
NFS_Unstable:          0 kB
Bounce:                0 kB
WritebackTmp:          0 kB
CommitLimit:     3967588 kB
Committed_AS:   16930088 kB
VmallocTotal:   34359738367 kB
VmallocUsed:           0 kB
VmallocChunk:          0 kB
HardwareCorrupted:     0 kB
AnonHugePages:         0 kB
ShmemHugePages:        0 kB
ShmemPmdMapped:        0 kB
CmaTotal:              0 kB
CmaFree:               0 kB
HugePages_Total:       0
HugePages_Free:        0
HugePages_Rsvd:        0
HugePages_Surp:        0
Hugepagesize:       2048 kB
DirectMap4k:      361300 kB
DirectMap2M:     7792640 kB
DirectMap1G:           0 kB


CPU:total 4 (initial active 4) (2 cores per cpu, 2 threads per core) family 6 model 78 stepping 3, cmov, cx8, fxsr, mmx, sse, sse2, sse3, ssse3, sse4.1, sse4.2, popcnt, avx, avx2, aes, clmul, erms, 3dnowpref, lzcnt, ht, tsc, tscinvbit, bmi1, bmi2, adx

/proc/cpuinfo:
processor	: 0
vendor_id	: GenuineIntel
cpu family	: 6
model		: 78
model name	: Intel(R) Core(TM) i5-6200U CPU @ 2.30GHz
stepping	: 3
microcode	: 0xc2
cpu MHz		: 2700.000
cache size	: 3072 KB
physical id	: 0
siblings	: 4
core id		: 0
cpu cores	: 2
apicid		: 0
initial apicid	: 0
fpu		: yes
fpu_exception	: yes
cpuid level	: 22
wp		: yes
flags		: fpu vme de pse tsc msr pae mce cx8 apic sep mtrr pge mca cmov pat pse36 clflush dts acpi mmx fxsr sse sse2 ss ht tm pbe syscall nx pdpe1gb rdtscp lm constant_tsc art arch_perfmon pebs bts rep_good nopl xtopology nonstop_tsc cpuid aperfmperf tsc_known_freq pni pclmulqdq dtes64 monitor ds_cpl vmx est tm2 ssse3 sdbg fma cx16 xtpr pdcm pcid sse4_1 sse4_2 x2apic movbe popcnt tsc_deadline_timer aes xsave avx f16c rdrand lahf_lm abm 3dnowprefetch cpuid_fault epb invpcid_single pti retpoline intel_pt rsb_ctxsw spec_ctrl tpr_shadow vnmi flexpriority ept vpid fsgsbase tsc_adjust bmi1 avx2 smep bmi2 erms invpcid mpx rdseed adx smap clflushopt xsaveopt xsavec xgetbv1 xsaves dtherm ida arat pln pts hwp hwp_notify hwp_act_window hwp_epp
bugs		: cpu_meltdown spectre_v1 spectre_v2
bogomips	: 4800.00
clflush size	: 64
cache_alignment	: 64
address sizes	: 39 bits physical, 48 bits virtual
power management:

processor	: 1
vendor_id	: GenuineIntel
cpu family	: 6
model		: 78
model name	: Intel(R) Core(TM) i5-6200U CPU @ 2.30GHz
stepping	: 3
microcode	: 0xc2
cpu MHz		: 2700.000
cache size	: 3072 KB
physical id	: 0
siblings	: 4
core id		: 1
cpu cores	: 2
apicid		: 2
initial apicid	: 2
fpu		: yes
fpu_exception	: yes
cpuid level	: 22
wp		: yes
flags		: fpu vme de pse tsc msr pae mce cx8 apic sep mtrr pge mca cmov pat pse36 clflush dts acpi mmx fxsr sse sse2 ss ht tm pbe syscall nx pdpe1gb rdtscp lm constant_tsc art arch_perfmon pebs bts rep_good nopl xtopology nonstop_tsc cpuid aperfmperf tsc_known_freq pni pclmulqdq dtes64 monitor ds_cpl vmx est tm2 ssse3 sdbg fma cx16 xtpr pdcm pcid sse4_1 sse4_2 x2apic movbe popcnt tsc_deadline_timer aes xsave avx f16c rdrand lahf_lm abm 3dnowprefetch cpuid_fault epb invpcid_single pti retpoline intel_pt rsb_ctxsw spec_ctrl tpr_shadow vnmi flexpriority ept vpid fsgsbase tsc_adjust bmi1 avx2 smep bmi2 erms invpcid mpx rdseed adx smap clflushopt xsaveopt xsavec xgetbv1 xsaves dtherm ida arat pln pts hwp hwp_notify hwp_act_window hwp_epp
bugs		: cpu_meltdown spectre_v1 spectre_v2
bogomips	: 4800.00
clflush size	: 64
cache_alignment	: 64
address sizes	: 39 bits physical, 48 bits virtual
power management:

processor	: 2
vendor_id	: GenuineIntel
cpu family	: 6
model		: 78
model name	: Intel(R) Core(TM) i5-6200U CPU @ 2.30GHz
stepping	: 3
microcode	: 0xc2
cpu MHz		: 2699.970
cache size	: 3072 KB
physical id	: 0
siblings	: 4
core id		: 0
cpu cores	: 2
apicid		: 1
initial apicid	: 1
fpu		: yes
fpu_exception	: yes
cpuid level	: 22
wp		: yes
flags		: fpu vme de pse tsc msr pae mce cx8 apic sep mtrr pge mca cmov pat pse36 clflush dts acpi mmx fxsr sse sse2 ss ht tm pbe syscall nx pdpe1gb rdtscp lm constant_tsc art arch_perfmon pebs bts rep_good nopl xtopology nonstop_tsc cpuid aperfmperf tsc_known_freq pni pclmulqdq dtes64 monitor ds_cpl vmx est tm2 ssse3 sdbg fma cx16 xtpr pdcm pcid sse4_1 sse4_2 x2apic movbe popcnt tsc_deadline_timer aes xsave avx f16c rdrand lahf_lm abm 3dnowprefetch cpuid_fault epb invpcid_single pti retpoline intel_pt rsb_ctxsw spec_ctrl tpr_shadow vnmi flexpriority ept vpid fsgsbase tsc_adjust bmi1 avx2 smep bmi2 erms invpcid mpx rdseed adx smap clflushopt xsaveopt xsavec xgetbv1 xsaves dtherm ida arat pln pts hwp hwp_notify hwp_act_window hwp_epp
bugs		: cpu_meltdown spectre_v1 spectre_v2
bogomips	: 4800.00
clflush size	: 64
cache_alignment	: 64
address sizes	: 39 bits physical, 48 bits virtual
power management:

processor	: 3
vendor_id	: GenuineIntel
cpu family	: 6
model		: 78
model name	: Intel(R) Core(TM) i5-6200U CPU @ 2.30GHz
stepping	: 3
microcode	: 0xc2
cpu MHz		: 2700.001
cache size	: 3072 KB
physical id	: 0
siblings	: 4
core id		: 1
cpu cores	: 2
apicid		: 3
initial apicid	: 3
fpu		: yes
fpu_exception	: yes
cpuid level	: 22
wp		: yes
flags		: fpu vme de pse tsc msr pae mce cx8 apic sep mtrr pge mca cmov pat pse36 clflush dts acpi mmx fxsr sse sse2 ss ht tm pbe syscall nx pdpe1gb rdtscp lm constant_tsc art arch_perfmon pebs bts rep_good nopl xtopology nonstop_tsc cpuid aperfmperf tsc_known_freq pni pclmulqdq dtes64 monitor ds_cpl vmx est tm2 ssse3 sdbg fma cx16 xtpr pdcm pcid sse4_1 sse4_2 x2apic movbe popcnt tsc_deadline_timer aes xsave avx f16c rdrand lahf_lm abm 3dnowprefetch cpuid_fault epb invpcid_single pti retpoline intel_pt rsb_ctxsw spec_ctrl tpr_shadow vnmi flexpriority ept vpid fsgsbase tsc_adjust bmi1 avx2 smep bmi2 erms invpcid mpx rdseed adx smap clflushopt xsaveopt xsavec xgetbv1 xsaves dtherm ida arat pln pts hwp hwp_notify hwp_act_window hwp_epp
bugs		: cpu_meltdown spectre_v1 spectre_v2
bogomips	: 4800.00
clflush size	: 64
cache_alignment	: 64
address sizes	: 39 bits physical, 48 bits virtual
power management:



Memory: 4k page, physical 7935176k(121332k free), swap 0k(0k free)

vm_info: Java HotSpot(TM) 64-Bit Server VM (25.172-b11) for linux-amd64 JRE (1.8.0_172-b11), built on Mar 28 2018 21:44:09 by "java_re" with gcc 4.3.0 20080428 (Red Hat 4.3.0-8)

time: Mon May 14 16:43:12 2018
elapsed time: 161 seconds (0d 0h 2m 41s)

