04:47:43.679 [DEBUG] [org.gradle.launcher.daemon.bootstrap.DaemonMain] Assuming the daemon was started with following jvm opts: [-XX:+HeapDumpOnOutOfMemoryError, -Xmx1024m, -Dfile.encoding=UTF-8, -Duser.country, -Duser.language=en, -Duser.variant]
04:47:44.061 [INFO] [org.gradle.launcher.daemon.server.Daemon] start() called on daemon - DefaultDaemonContext[uid=b5b1bb7e-6e9f-4cc0-891a-21c592ac883e,javaHome=/opt/jdk1.8.0_172,daemonRegistryDir=/app/cache/daemon,pid=34,idleTimeout=10800000,daemonOpts=-XX:+HeapDumpOnOutOfMemoryError,-Xmx1024m,-Dfile.encoding=UTF-8,-Duser.country,-Duser.language=en,-Duser.variant]
04:47:44.096 [DEBUG] [org.gradle.internal.remote.internal.inet.InetAddresses] Adding IP addresses for network interface eth0
04:47:44.097 [DEBUG] [org.gradle.internal.remote.internal.inet.InetAddresses] Is this a loopback interface? false
04:47:44.099 [DEBUG] [org.gradle.internal.remote.internal.inet.InetAddresses] Is this a multicast interface? true
04:47:44.102 [DEBUG] [org.gradle.internal.remote.internal.inet.InetAddresses] Adding remote address /172.23.0.5
04:47:44.103 [DEBUG] [org.gradle.internal.remote.internal.inet.InetAddresses] Adding remote multicast interface eth0
04:47:44.106 [DEBUG] [org.gradle.internal.remote.internal.inet.InetAddresses] Adding IP addresses for network interface lo
04:47:44.111 [DEBUG] [org.gradle.internal.remote.internal.inet.InetAddresses] Is this a loopback interface? true
04:47:44.113 [DEBUG] [org.gradle.internal.remote.internal.inet.InetAddresses] Is this a multicast interface? false
04:47:44.122 [DEBUG] [org.gradle.internal.remote.internal.inet.InetAddresses] Adding loopback address /127.0.0.1
04:47:44.128 [DEBUG] [org.gradle.internal.remote.internal.inet.TcpIncomingConnector] Listening on [3a038be7-c9c7-4e72-8ffd-f2238dd878c1 port:46069, addresses:[/127.0.0.1]].
04:47:44.136 [DEBUG] [org.gradle.launcher.daemon.server.Daemon] Daemon starting at: Tue May 15 04:47:44 GMT 2018, with address: [3a038be7-c9c7-4e72-8ffd-f2238dd878c1 port:46069, addresses:[/127.0.0.1]]
04:47:44.138 [INFO] [org.gradle.launcher.daemon.server.DaemonRegistryUpdater] Advertising the daemon address to the clients: [3a038be7-c9c7-4e72-8ffd-f2238dd878c1 port:46069, addresses:[/127.0.0.1]]
04:47:44.154 [DEBUG] [org.gradle.launcher.daemon.server.DaemonRegistryUpdater] Advertised daemon context: DefaultDaemonContext[uid=b5b1bb7e-6e9f-4cc0-891a-21c592ac883e,javaHome=/opt/jdk1.8.0_172,daemonRegistryDir=/app/cache/daemon,pid=34,idleTimeout=10800000,daemonOpts=-XX:+HeapDumpOnOutOfMemoryError,-Xmx1024m,-Dfile.encoding=UTF-8,-Duser.country,-Duser.language=en,-Duser.variant]
04:47:44.169 [DEBUG] [org.gradle.launcher.daemon.registry.PersistentDaemonRegistry] Storing daemon address: [3a038be7-c9c7-4e72-8ffd-f2238dd878c1 port:46069, addresses:[/127.0.0.1]], context: DefaultDaemonContext[uid=b5b1bb7e-6e9f-4cc0-891a-21c592ac883e,javaHome=/opt/jdk1.8.0_172,daemonRegistryDir=/app/cache/daemon,pid=34,idleTimeout=10800000,daemonOpts=-XX:+HeapDumpOnOutOfMemoryError,-Xmx1024m,-Dfile.encoding=UTF-8,-Duser.country,-Duser.language=en,-Duser.variant]
04:47:44.196 [DEBUG] [org.gradle.cache.internal.DefaultFileLockManager] Waiting to acquire exclusive lock on daemon addresses registry.
04:47:44.206 [DEBUG] [org.gradle.cache.internal.DefaultFileLockManager] Lock acquired on daemon addresses registry.
04:47:44.231 [DEBUG] [org.gradle.cache.internal.DefaultFileLockManager] Releasing lock on daemon addresses registry.
04:47:44.233 [LIFECYCLE] [org.gradle.launcher.daemon.server.Daemon] Daemon server started.
04:47:44.246 [DEBUG] [org.gradle.launcher.daemon.bootstrap.DaemonStartupCommunication] Completed writing the daemon greeting. Closing streams...
04:47:44.255 [DEBUG] [org.gradle.internal.remote.internal.inet.TcpIncomingConnector] Accepted connection from /127.0.0.1:55294 to /127.0.0.1:46069.
04:47:44.268 [DEBUG] [org.gradle.launcher.daemon.server.Daemon] stopOnExpiration() called on daemon
04:47:44.290 [DEBUG] [org.gradle.launcher.daemon.server.Daemon] awaitExpiration() called on daemon
04:47:44.291 [DEBUG] [org.gradle.launcher.daemon.server.DaemonStateCoordinator] daemon is running. Sleeping until state changes.
04:47:44.613 [DEBUG] [org.gradle.launcher.daemon.server.SynchronizedDispatchConnection] thread 15: received class org.gradle.launcher.daemon.protocol.Build
04:47:44.618 [DEBUG] [org.gradle.launcher.daemon.server.DefaultDaemonConnection] thread 15: Received non-IO message from client: Build{id=4190b8c1-458b-442a-bdbd-3140f6408ae3.1, currentDir=/app}
04:47:44.619 [INFO] [org.gradle.launcher.daemon.server.DefaultIncomingConnectionHandler] Received command: Build{id=4190b8c1-458b-442a-bdbd-3140f6408ae3.1, currentDir=/app}.
04:47:44.620 [DEBUG] [org.gradle.launcher.daemon.server.DefaultIncomingConnectionHandler] Starting executing command: Build{id=4190b8c1-458b-442a-bdbd-3140f6408ae3.1, currentDir=/app} with connection: socket connection from /127.0.0.1:46069 to /127.0.0.1:55294.
04:47:44.630 [ERROR] [org.gradle.launcher.daemon.server.DaemonStateCoordinator] Command execution: started DaemonCommandExecution[command = Build{id=4190b8c1-458b-442a-bdbd-3140f6408ae3.1, currentDir=/app}, connection = DefaultDaemonConnection: socket connection from /127.0.0.1:46069 to /127.0.0.1:55294] after 0.0 minutes of idle
04:47:44.646 [INFO] [org.gradle.launcher.daemon.server.DaemonRegistryUpdater] Marking the daemon as busy, address: [3a038be7-c9c7-4e72-8ffd-f2238dd878c1 port:46069, addresses:[/127.0.0.1]]
04:47:44.647 [DEBUG] [org.gradle.launcher.daemon.registry.PersistentDaemonRegistry] Marking busy by address: [3a038be7-c9c7-4e72-8ffd-f2238dd878c1 port:46069, addresses:[/127.0.0.1]]
04:47:44.649 [DEBUG] [org.gradle.cache.internal.DefaultFileLockManager] Waiting to acquire exclusive lock on daemon addresses registry.
04:47:44.650 [DEBUG] [org.gradle.cache.internal.DefaultFileLockManager] Lock acquired on daemon addresses registry.
04:47:44.663 [DEBUG] [org.gradle.cache.internal.DefaultFileLockManager] Releasing lock on daemon addresses registry.
04:47:44.664 [DEBUG] [org.gradle.launcher.daemon.server.DaemonStateCoordinator] resetting idle timer
04:47:44.665 [DEBUG] [org.gradle.launcher.daemon.server.DaemonStateCoordinator] daemon is running. Sleeping until state changes.
04:47:44.670 [INFO] [org.gradle.launcher.daemon.server.exec.StartBuildOrRespondWithBusy] Daemon is about to start building Build{id=4190b8c1-458b-442a-bdbd-3140f6408ae3.1, currentDir=/app}. Dispatching build started information...
04:47:44.672 [DEBUG] [org.gradle.launcher.daemon.server.SynchronizedDispatchConnection] thread 17: dispatching class org.gradle.launcher.daemon.protocol.BuildStarted
04:47:44.700 [DEBUG] [org.gradle.launcher.daemon.server.exec.EstablishBuildEnvironment] Configuring env variables: {PATH=/usr/local/sbin:/usr/local/bin:/usr/sbin:/usr/bin:/sbin:/bin:/opt/jdk/bin, JAVA_JCE=unlimited, SPRING_PROFILES_ACTIVE=dev, JAVA_HOME=/opt/jdk, OLDPWD=/app, GLIBC_VERSION=2.27-r0, LANG=C.UTF-8, JAVA_VERSION_MAJOR=8, GRADLE_USER_HOME=cache, HOSTNAME=9428319ceae8, GLIBC_REPO=https://github.com/sgerrand/alpine-pkg-glibc, JAVA_VERSION_MINOR=172, PWD=/app, JAVA_PACKAGE=jdk, JAVA_VERSION_BUILD=11, HOME=/root, SHLVL=1}
04:47:44.714 [DEBUG] [org.gradle.launcher.daemon.server.SynchronizedDispatchConnection] thread 15: received class org.gradle.launcher.daemon.protocol.CloseInput
04:47:44.715 [DEBUG] [org.gradle.launcher.daemon.server.DefaultDaemonConnection] thread 15: Received IO message from client: org.gradle.launcher.daemon.protocol.CloseInput@7034da4c
04:47:44.724 [DEBUG] [org.gradle.launcher.daemon.server.exec.LogToClient] About to start relaying all logs to the client via the connection.
04:47:44.725 [INFO] [org.gradle.launcher.daemon.server.exec.LogToClient] The client will now receive all logging from the daemon (pid: 34). The daemon log file: /app/cache/daemon/4.5.1/daemon-34.out.log
04:47:44.729 [INFO] [org.gradle.launcher.daemon.server.exec.LogAndCheckHealth] Starting build in new daemon [memory: 954.7 MB]
04:47:44.743 [INFO] [org.gradle.launcher.daemon.server.exec.ForwardClientInput] Closing daemon's stdin at end of input.
04:47:44.775 [INFO] [org.gradle.launcher.daemon.server.exec.ForwardClientInput] The daemon will no longer process any standard input.
04:47:44.748 [DEBUG] [org.gradle.launcher.daemon.server.exec.ExecuteBuild] The daemon has started executing the build.
04:47:44.785 [DEBUG] [org.gradle.launcher.daemon.server.exec.ExecuteBuild] Executing build with daemon context: DefaultDaemonContext[uid=b5b1bb7e-6e9f-4cc0-891a-21c592ac883e,javaHome=/opt/jdk1.8.0_172,daemonRegistryDir=/app/cache/daemon,pid=34,idleTimeout=10800000,daemonOpts=-XX:+HeapDumpOnOutOfMemoryError,-Xmx1024m,-Dfile.encoding=UTF-8,-Duser.country,-Duser.language=en,-Duser.variant]
:compileJava
:processResources UP-TO-DATE
:classes
:bootRun
04:48:11.120 [main] DEBUG org.springframework.boot.devtools.settings.DevToolsSettings - Included patterns for restart : []
04:48:11.143 [main] DEBUG org.springframework.boot.devtools.settings.DevToolsSettings - Excluded patterns for restart : [/spring-boot-starter/target/classes/, /spring-boot-autoconfigure/target/classes/, /spring-boot-starter-[\w-]+/, /spring-boot/target/classes/, /spring-boot-actuator/target/classes/, /spring-boot-devtools/target/classes/]
04:48:11.144 [main] DEBUG org.springframework.boot.devtools.restart.ChangeableUrls - Matching URLs for reloading : [file:/app/build/classes/java/main/, file:/app/build/resources/main/]
2018-05-15 04:48:13.171  INFO 79 --- [  restartedMain] s.c.a.AnnotationConfigApplicationContext : Refreshing org.springframework.context.annotation.AnnotationConfigApplicationContext@39283f7e: startup date [Tue May 15 04:48:13 GMT 2018]; root of context hierarchy
2018-05-15 04:48:14.812  INFO 79 --- [  restartedMain] f.a.AutowiredAnnotationBeanPostProcessor : JSR-330 'javax.inject.Inject' annotation found and supported for autowiring
2018-05-15 04:48:15.239  INFO 79 --- [  restartedMain] trationDelegate$BeanPostProcessorChecker : Bean 'configurationPropertiesRebinderAutoConfiguration' of type [org.springframework.cloud.autoconfigure.ConfigurationPropertiesRebinderAutoConfiguration$$EnhancerBySpringCGLIB$$79895bb8] is not eligible for getting processed by all BeanPostProcessors (for example: not eligible for auto-proxying)

  .   ____          _            __ _ _
 /\\ / ___'_ __ _ _(_)_ __  __ _ \ \ \ \
( ( )\___ | '_ | '_| | '_ \/ _` | \ \ \ \
 \\/  ___)| |_)| | | | | || (_| |  ) ) ) )
  '  |____| .__|_| |_|_| |_\__, | / / / /
 =========|_|==============|___/=/_/_/_/
[32m :: Spring Boot :: [39m      [2m (v1.5.8.RELEASE)[0;39m

[2m2018-05-15 04:48:16.941[0;39m [32m INFO[0;39m [35m79[0;39m [2m---[0;39m [2m[  restartedMain][0;39m [36mcom.example.drugsapi.DrugsApplication   [0;39m [2m:[0;39m The following profiles are active: dev
[2m2018-05-15 04:48:17.112[0;39m [32m INFO[0;39m [35m79[0;39m [2m---[0;39m [2m[  restartedMain][0;39m [36mationConfigEmbeddedWebApplicationContext[0;39m [2m:[0;39m Refreshing org.springframework.boot.context.embedded.AnnotationConfigEmbeddedWebApplicationContext@13c977d3: startup date [Tue May 15 04:48:17 GMT 2018]; parent: org.springframework.context.annotation.AnnotationConfigApplicationContext@39283f7e
[2m2018-05-15 04:48:23.249[0;39m [32m INFO[0;39m [35m79[0;39m [2m---[0;39m [2m[  restartedMain][0;39m [36mo.s.cloud.context.scope.GenericScope    [0;39m [2m:[0;39m BeanFactory id=9b0a4fe7-c1e1-394b-a375-90afedda849d
[2m2018-05-15 04:48:23.941[0;39m [32m INFO[0;39m [35m79[0;39m [2m---[0;39m [2m[  restartedMain][0;39m [36mf.a.AutowiredAnnotationBeanPostProcessor[0;39m [2m:[0;39m JSR-330 'javax.inject.Inject' annotation found and supported for autowiring
[2m2018-05-15 04:48:24.533[0;39m [32m INFO[0;39m [35m79[0;39m [2m---[0;39m [2m[  restartedMain][0;39m [36mtrationDelegate$BeanPostProcessorChecker[0;39m [2m:[0;39m Bean 'org.springframework.transaction.annotation.ProxyTransactionManagementConfiguration' of type [org.springframework.transaction.annotation.ProxyTransactionManagementConfiguration$$EnhancerBySpringCGLIB$$5d6f58bb] is not eligible for getting processed by all BeanPostProcessors (for example: not eligible for auto-proxying)
[2m2018-05-15 04:48:24.796[0;39m [32m INFO[0;39m [35m79[0;39m [2m---[0;39m [2m[  restartedMain][0;39m [36mtrationDelegate$BeanPostProcessorChecker[0;39m [2m:[0;39m Bean 'org.springframework.cloud.autoconfigure.ConfigurationPropertiesRebinderAutoConfiguration' of type [org.springframework.cloud.autoconfigure.ConfigurationPropertiesRebinderAutoConfiguration$$EnhancerBySpringCGLIB$$79895bb8] is not eligible for getting processed by all BeanPostProcessors (for example: not eligible for auto-proxying)
[2m2018-05-15 04:48:27.043[0;39m [32m INFO[0;39m [35m79[0;39m [2m---[0;39m [2m[  restartedMain][0;39m [36ms.b.c.e.t.TomcatEmbeddedServletContainer[0;39m [2m:[0;39m Tomcat initialized with port(s): 8081 (http)
[2m2018-05-15 04:48:27.081[0;39m [32m INFO[0;39m [35m79[0;39m [2m---[0;39m [2m[  restartedMain][0;39m [36mo.apache.catalina.core.StandardService  [0;39m [2m:[0;39m Starting service [Tomcat]
[2m2018-05-15 04:48:27.099[0;39m [32m INFO[0;39m [35m79[0;39m [2m---[0;39m [2m[  restartedMain][0;39m [36morg.apache.catalina.core.StandardEngine [0;39m [2m:[0;39m Starting Servlet Engine: Apache Tomcat/8.5.23
[2m2018-05-15 04:48:27.786[0;39m [32m INFO[0;39m [35m79[0;39m [2m---[0;39m [2m[ost-startStop-1][0;39m [36mo.a.c.c.C.[Tomcat].[localhost].[/]      [0;39m [2m:[0;39m Initializing Spring embedded WebApplicationContext
[2m2018-05-15 04:48:27.787[0;39m [32m INFO[0;39m [35m79[0;39m [2m---[0;39m [2m[ost-startStop-1][0;39m [36mo.s.web.context.ContextLoader           [0;39m [2m:[0;39m Root WebApplicationContext: initialization completed in 10675 ms
[2m2018-05-15 04:48:28.827[0;39m [32m INFO[0;39m [35m79[0;39m [2m---[0;39m [2m[ost-startStop-1][0;39m [36mo.s.b.w.servlet.ServletRegistrationBean [0;39m [2m:[0;39m Mapping servlet: 'dispatcherServlet' to [/]
[2m2018-05-15 04:48:28.889[0;39m [32m INFO[0;39m [35m79[0;39m [2m---[0;39m [2m[ost-startStop-1][0;39m [36mo.s.b.w.servlet.FilterRegistrationBean  [0;39m [2m:[0;39m Mapping filter: 'characterEncodingFilter' to: [/*]
[2m2018-05-15 04:48:28.911[0;39m [32m INFO[0;39m [35m79[0;39m [2m---[0;39m [2m[ost-startStop-1][0;39m [36mo.s.b.w.servlet.FilterRegistrationBean  [0;39m [2m:[0;39m Mapping filter: 'hiddenHttpMethodFilter' to: [/*]
[2m2018-05-15 04:48:28.912[0;39m [32m INFO[0;39m [35m79[0;39m [2m---[0;39m [2m[ost-startStop-1][0;39m [36mo.s.b.w.servlet.FilterRegistrationBean  [0;39m [2m:[0;39m Mapping filter: 'httpPutFormContentFilter' to: [/*]
[2m2018-05-15 04:48:28.913[0;39m [32m INFO[0;39m [35m79[0;39m [2m---[0;39m [2m[ost-startStop-1][0;39m [36mo.s.b.w.servlet.FilterRegistrationBean  [0;39m [2m:[0;39m Mapping filter: 'requestContextFilter' to: [/*]
[2m2018-05-15 04:48:30.831[0;39m [32m INFO[0;39m [35m79[0;39m [2m---[0;39m [2m[  restartedMain][0;39m [36mo.f.core.internal.util.VersionPrinter   [0;39m [2m:[0;39m Flyway 3.2.1 by Boxfuse
[2m2018-05-15 04:48:31.312[0;39m [32m INFO[0;39m [35m79[0;39m [2m---[0;39m [2m[  restartedMain][0;39m [36mo.f.c.i.dbsupport.DbSupportFactory      [0;39m [2m:[0;39m Database: jdbc:postgresql://postgresdev:5432/pgdev (PostgreSQL 10.3)
[2m2018-05-15 04:48:31.538[0;39m [32m INFO[0;39m [35m79[0;39m [2m---[0;39m [2m[  restartedMain][0;39m [36mo.f.core.internal.command.DbValidate    [0;39m [2m:[0;39m Validated 1 migration (execution time 00:00.045s)
[2m2018-05-15 04:48:31.590[0;39m [32m INFO[0;39m [35m79[0;39m [2m---[0;39m [2m[  restartedMain][0;39m [36mo.f.c.i.metadatatable.MetaDataTableImpl [0;39m [2m:[0;39m Creating Metadata table: "public"."schema_version"
[2m2018-05-15 04:48:31.715[0;39m [32m INFO[0;39m [35m79[0;39m [2m---[0;39m [2m[  restartedMain][0;39m [36mo.f.core.internal.command.DbMigrate     [0;39m [2m:[0;39m Current version of schema "public": << Empty Schema >>
[2m2018-05-15 04:48:31.717[0;39m [32m INFO[0;39m [35m79[0;39m [2m---[0;39m [2m[  restartedMain][0;39m [36mo.f.core.internal.command.DbMigrate     [0;39m [2m:[0;39m Migrating schema "public" to version 1 - Create drugs table
[2m2018-05-15 04:48:31.814[0;39m [32m INFO[0;39m [35m79[0;39m [2m---[0;39m [2m[  restartedMain][0;39m [36mo.f.core.internal.command.DbMigrate     [0;39m [2m:[0;39m Successfully applied 1 migration to schema "public" (execution time 00:00.231s).
[2m2018-05-15 04:48:31.818[0;39m [32m INFO[0;39m [35m79[0;39m [2m---[0;39m [2m[  restartedMain][0;39m [36mo.f.c.i.c.SqlScriptFlywayCallback       [0;39m [2m:[0;39m Executing SQL callback: afterMigrate
[2m2018-05-15 04:48:32.550[0;39m [32m INFO[0;39m [35m79[0;39m [2m---[0;39m [2m[  restartedMain][0;39m [36mj.LocalContainerEntityManagerFactoryBean[0;39m [2m:[0;39m Building JPA container EntityManagerFactory for persistence unit 'default'
[2m2018-05-15 04:48:32.670[0;39m [32m INFO[0;39m [35m79[0;39m [2m---[0;39m [2m[  restartedMain][0;39m [36mo.hibernate.jpa.internal.util.LogHelper [0;39m [2m:[0;39m HHH000204: Processing PersistenceUnitInfo [
	name: default
	...]
[2m2018-05-15 04:48:33.302[0;39m [32m INFO[0;39m [35m79[0;39m [2m---[0;39m [2m[  restartedMain][0;39m [36morg.hibernate.Version                   [0;39m [2m:[0;39m HHH000412: Hibernate Core {5.0.12.Final}
[2m2018-05-15 04:48:33.305[0;39m [32m INFO[0;39m [35m79[0;39m [2m---[0;39m [2m[  restartedMain][0;39m [36morg.hibernate.cfg.Environment           [0;39m [2m:[0;39m HHH000206: hibernate.properties not found
[2m2018-05-15 04:48:33.314[0;39m [32m INFO[0;39m [35m79[0;39m [2m---[0;39m [2m[  restartedMain][0;39m [36morg.hibernate.cfg.Environment           [0;39m [2m:[0;39m HHH000021: Bytecode provider name : javassist
[2m2018-05-15 04:48:33.510[0;39m [32m INFO[0;39m [35m79[0;39m [2m---[0;39m [2m[  restartedMain][0;39m [36mo.hibernate.annotations.common.Version  [0;39m [2m:[0;39m HCANN000001: Hibernate Commons Annotations {5.0.1.Final}
[2m2018-05-15 04:48:33.959[0;39m [32m INFO[0;39m [35m79[0;39m [2m---[0;39m [2m[  restartedMain][0;39m [36morg.hibernate.dialect.Dialect           [0;39m [2m:[0;39m HHH000400: Using dialect: org.hibernate.dialect.PostgreSQLDialect
[2m2018-05-15 04:48:34.311[0;39m [32m INFO[0;39m [35m79[0;39m [2m---[0;39m [2m[  restartedMain][0;39m [36mo.h.e.j.e.i.LobCreatorBuilderImpl       [0;39m [2m:[0;39m HHH000424: Disabling contextual LOB creation as createClob() method threw error : java.lang.reflect.InvocationTargetException
[2m2018-05-15 04:48:34.342[0;39m [32m INFO[0;39m [35m79[0;39m [2m---[0;39m [2m[  restartedMain][0;39m [36morg.hibernate.type.BasicTypeRegistry    [0;39m [2m:[0;39m HHH000270: Type registration [java.util.UUID] overrides previous : org.hibernate.type.UUIDBinaryType@e9bca28
[2m2018-05-15 04:48:36.035[0;39m [32m INFO[0;39m [35m79[0;39m [2m---[0;39m [2m[  restartedMain][0;39m [36mj.LocalContainerEntityManagerFactoryBean[0;39m [2m:[0;39m Initialized JPA EntityManagerFactory for persistence unit 'default'
[2m2018-05-15 04:48:37.415[0;39m [33m WARN[0;39m [35m79[0;39m [2m---[0;39m [2m[  restartedMain][0;39m [36mc.n.c.sources.URLConfigurationSource    [0;39m [2m:[0;39m No URLs will be polled as dynamic configuration sources.
[2m2018-05-15 04:48:37.416[0;39m [32m INFO[0;39m [35m79[0;39m [2m---[0;39m [2m[  restartedMain][0;39m [36mc.n.c.sources.URLConfigurationSource    [0;39m [2m:[0;39m To enable URLs as dynamic configuration sources, define System property archaius.configurationSource.additionalUrls or make config.properties available on classpath.
[2m2018-05-15 04:48:37.446[0;39m [33m WARN[0;39m [35m79[0;39m [2m---[0;39m [2m[  restartedMain][0;39m [36mc.n.c.sources.URLConfigurationSource    [0;39m [2m:[0;39m No URLs will be polled as dynamic configuration sources.
[2m2018-05-15 04:48:37.450[0;39m [32m INFO[0;39m [35m79[0;39m [2m---[0;39m [2m[  restartedMain][0;39m [36mc.n.c.sources.URLConfigurationSource    [0;39m [2m:[0;39m To enable URLs as dynamic configuration sources, define System property archaius.configurationSource.additionalUrls or make config.properties available on classpath.
[2m2018-05-15 04:48:38.518[0;39m [32m INFO[0;39m [35m79[0;39m [2m---[0;39m [2m[  restartedMain][0;39m [36ms.w.s.m.m.a.RequestMappingHandlerAdapter[0;39m [2m:[0;39m Looking for @ControllerAdvice: org.springframework.boot.context.embedded.AnnotationConfigEmbeddedWebApplicationContext@13c977d3: startup date [Tue May 15 04:48:17 GMT 2018]; parent: org.springframework.context.annotation.AnnotationConfigApplicationContext@39283f7e
[2m2018-05-15 04:48:38.891[0;39m [32m INFO[0;39m [35m79[0;39m [2m---[0;39m [2m[  restartedMain][0;39m [36ms.w.s.m.m.a.RequestMappingHandlerMapping[0;39m [2m:[0;39m Mapped "{[/]}" onto public java.lang.String com.example.drugsapi.DrugsApplication.home()
[2m2018-05-15 04:48:38.918[0;39m [32m INFO[0;39m [35m79[0;39m [2m---[0;39m [2m[  restartedMain][0;39m [36ms.w.s.m.m.a.RequestMappingHandlerMapping[0;39m [2m:[0;39m Mapped "{[/],methods=[GET]}" onto public java.lang.Iterable<com.example.drugsapi.models.Drug> com.example.drugsapi.controllers.DrugsController.findAllDrugs()
[2m2018-05-15 04:48:38.919[0;39m [32m INFO[0;39m [35m79[0;39m [2m---[0;39m [2m[  restartedMain][0;39m [36ms.w.s.m.m.a.RequestMappingHandlerMapping[0;39m [2m:[0;39m Mapped "{[/{drugsId}],methods=[DELETE]}" onto public org.springframework.http.HttpStatus com.example.drugsapi.controllers.DrugsController.deleteUserById(java.lang.Long)
[2m2018-05-15 04:48:38.924[0;39m [32m INFO[0;39m [35m79[0;39m [2m---[0;39m [2m[  restartedMain][0;39m [36ms.w.s.m.m.a.RequestMappingHandlerMapping[0;39m [2m:[0;39m Mapped "{[/],methods=[POST]}" onto public com.example.drugsapi.models.Drug com.example.drugsapi.controllers.DrugsController.createNewUser(com.example.drugsapi.models.Drug)
[2m2018-05-15 04:48:38.929[0;39m [32m INFO[0;39m [35m79[0;39m [2m---[0;39m [2m[  restartedMain][0;39m [36ms.w.s.m.m.a.RequestMappingHandlerMapping[0;39m [2m:[0;39m Mapped "{[/{drugsId}],methods=[PATCH]}" onto public com.example.drugsapi.models.Drug com.example.drugsapi.controllers.DrugsController.updateDrugById(java.lang.Long,com.example.drugsapi.models.Drug)
[2m2018-05-15 04:48:38.930[0;39m [32m INFO[0;39m [35m79[0;39m [2m---[0;39m [2m[  restartedMain][0;39m [36ms.w.s.m.m.a.RequestMappingHandlerMapping[0;39m [2m:[0;39m Mapped "{[/{drugsId}],methods=[GET]}" onto public com.example.drugsapi.models.Drug com.example.drugsapi.controllers.DrugsController.findDrugById(java.lang.Long)
[2m2018-05-15 04:48:38.959[0;39m [32m INFO[0;39m [35m79[0;39m [2m---[0;39m [2m[  restartedMain][0;39m [36ms.w.s.m.m.a.RequestMappingHandlerMapping[0;39m [2m:[0;39m Mapped "{[/error],produces=[text/html]}" onto public org.springframework.web.servlet.ModelAndView org.springframework.boot.autoconfigure.web.BasicErrorController.errorHtml(javax.servlet.http.HttpServletRequest,javax.servlet.http.HttpServletResponse)
[2m2018-05-15 04:48:38.960[0;39m [32m INFO[0;39m [35m79[0;39m [2m---[0;39m [2m[  restartedMain][0;39m [36ms.w.s.m.m.a.RequestMappingHandlerMapping[0;39m [2m:[0;39m Mapped "{[/error]}" onto public org.springframework.http.ResponseEntity<java.util.Map<java.lang.String, java.lang.Object>> org.springframework.boot.autoconfigure.web.BasicErrorController.error(javax.servlet.http.HttpServletRequest)
[2m2018-05-15 04:48:39.096[0;39m [32m INFO[0;39m [35m79[0;39m [2m---[0;39m [2m[  restartedMain][0;39m [36mo.s.w.s.handler.SimpleUrlHandlerMapping [0;39m [2m:[0;39m Mapped URL path [/webjars/**] onto handler of type [class org.springframework.web.servlet.resource.ResourceHttpRequestHandler]
[2m2018-05-15 04:48:39.096[0;39m [32m INFO[0;39m [35m79[0;39m [2m---[0;39m [2m[  restartedMain][0;39m [36mo.s.w.s.handler.SimpleUrlHandlerMapping [0;39m [2m:[0;39m Mapped URL path [/**] onto handler of type [class org.springframework.web.servlet.resource.ResourceHttpRequestHandler]
[2m2018-05-15 04:48:39.243[0;39m [32m INFO[0;39m [35m79[0;39m [2m---[0;39m [2m[  restartedMain][0;39m [36mo.s.w.s.handler.SimpleUrlHandlerMapping [0;39m [2m:[0;39m Mapped URL path [/**/favicon.ico] onto handler of type [class org.springframework.web.servlet.resource.ResourceHttpRequestHandler]
[2m2018-05-15 04:48:41.389[0;39m [32m INFO[0;39m [35m79[0;39m [2m---[0;39m [2m[  restartedMain][0;39m [36mo.s.b.d.a.OptionalLiveReloadServer      [0;39m [2m:[0;39m LiveReload server is running on port 35729
[2m2018-05-15 04:48:42.213[0;39m [33m WARN[0;39m [35m79[0;39m [2m---[0;39m [2m[  restartedMain][0;39m [36marterDeprecationWarningAutoConfiguration[0;39m [2m:[0;39m spring-cloud-starter-eureka is deprecated as of Spring Cloud Netflix 1.4.0, please migrate to spring-cloud-starter-netflix-eureka
[2m2018-05-15 04:48:42.404[0;39m [32m INFO[0;39m [35m79[0;39m [2m---[0;39m [2m[  restartedMain][0;39m [36mo.s.j.e.a.AnnotationMBeanExporter       [0;39m [2m:[0;39m Registering beans for JMX exposure on startup
[2m2018-05-15 04:48:42.424[0;39m [32m INFO[0;39m [35m79[0;39m [2m---[0;39m [2m[  restartedMain][0;39m [36mo.s.j.e.a.AnnotationMBeanExporter       [0;39m [2m:[0;39m Bean with name 'environmentManager' has been autodetected for JMX exposure
[2m2018-05-15 04:48:42.427[0;39m [32m INFO[0;39m [35m79[0;39m [2m---[0;39m [2m[  restartedMain][0;39m [36mo.s.j.e.a.AnnotationMBeanExporter       [0;39m [2m:[0;39m Bean with name 'configurationPropertiesRebinder' has been autodetected for JMX exposure
[2m2018-05-15 04:48:42.436[0;39m [32m INFO[0;39m [35m79[0;39m [2m---[0;39m [2m[  restartedMain][0;39m [36mo.s.j.e.a.AnnotationMBeanExporter       [0;39m [2m:[0;39m Bean with name 'refreshScope' has been autodetected for JMX exposure
[2m2018-05-15 04:48:42.460[0;39m [32m INFO[0;39m [35m79[0;39m [2m---[0;39m [2m[  restartedMain][0;39m [36mo.s.j.e.a.AnnotationMBeanExporter       [0;39m [2m:[0;39m Located managed bean 'environmentManager': registering with JMX server as MBean [org.springframework.cloud.context.environment:name=environmentManager,type=EnvironmentManager]
[2m2018-05-15 04:48:42.511[0;39m [32m INFO[0;39m [35m79[0;39m [2m---[0;39m [2m[  restartedMain][0;39m [36mo.s.j.e.a.AnnotationMBeanExporter       [0;39m [2m:[0;39m Located managed bean 'refreshScope': registering with JMX server as MBean [org.springframework.cloud.context.scope.refresh:name=refreshScope,type=RefreshScope]
[2m2018-05-15 04:48:42.556[0;39m [32m INFO[0;39m [35m79[0;39m [2m---[0;39m [2m[  restartedMain][0;39m [36mo.s.j.e.a.AnnotationMBeanExporter       [0;39m [2m:[0;39m Located managed bean 'configurationPropertiesRebinder': registering with JMX server as MBean [org.springframework.cloud.context.properties:name=configurationPropertiesRebinder,context=13c977d3,type=ConfigurationPropertiesRebinder]
[2m2018-05-15 04:48:42.939[0;39m [32m INFO[0;39m [35m79[0;39m [2m---[0;39m [2m[  restartedMain][0;39m [36mo.s.c.support.DefaultLifecycleProcessor [0;39m [2m:[0;39m Starting beans in phase 0
[2m2018-05-15 04:48:42.982[0;39m [32m INFO[0;39m [35m79[0;39m [2m---[0;39m [2m[  restartedMain][0;39m [36mo.s.c.n.eureka.InstanceInfoFactory      [0;39m [2m:[0;39m Setting initial instance status as: STARTING
[2m2018-05-15 04:48:43.220[0;39m [32m INFO[0;39m [35m79[0;39m [2m---[0;39m [2m[  restartedMain][0;39m [36mcom.netflix.discovery.DiscoveryClient   [0;39m [2m:[0;39m Initializing Eureka in region us-east-1
[2m2018-05-15 04:48:43.997[0;39m [32m INFO[0;39m [35m79[0;39m [2m---[0;39m [2m[  restartedMain][0;39m [36mc.n.d.provider.DiscoveryJerseyProvider  [0;39m [2m:[0;39m Using JSON encoding codec LegacyJacksonJson
[2m2018-05-15 04:48:43.997[0;39m [32m INFO[0;39m [35m79[0;39m [2m---[0;39m [2m[  restartedMain][0;39m [36mc.n.d.provider.DiscoveryJerseyProvider  [0;39m [2m:[0;39m Using JSON decoding codec LegacyJacksonJson
[2m2018-05-15 04:48:44.627[0;39m [32m INFO[0;39m [35m79[0;39m [2m---[0;39m [2m[  restartedMain][0;39m [36mc.n.d.provider.DiscoveryJerseyProvider  [0;39m [2m:[0;39m Using XML encoding codec XStreamXml
[2m2018-05-15 04:48:44.627[0;39m [32m INFO[0;39m [35m79[0;39m [2m---[0;39m [2m[  restartedMain][0;39m [36mc.n.d.provider.DiscoveryJerseyProvider  [0;39m [2m:[0;39m Using XML decoding codec XStreamXml
[2m2018-05-15 04:48:45.769[0;39m [32m INFO[0;39m [35m79[0;39m [2m---[0;39m [2m[  restartedMain][0;39m [36mc.n.d.s.r.aws.ConfigClusterResolver     [0;39m [2m:[0;39m Resolving eureka endpoints via configuration
[2m2018-05-15 04:48:45.931[0;39m [32m INFO[0;39m [35m79[0;39m [2m---[0;39m [2m[  restartedMain][0;39m [36mcom.netflix.discovery.DiscoveryClient   [0;39m [2m:[0;39m Disable delta property : false
[2m2018-05-15 04:48:45.932[0;39m [32m INFO[0;39m [35m79[0;39m [2m---[0;39m [2m[  restartedMain][0;39m [36mcom.netflix.discovery.DiscoveryClient   [0;39m [2m:[0;39m Single vip registry refresh property : null
[2m2018-05-15 04:48:45.935[0;39m [32m INFO[0;39m [35m79[0;39m [2m---[0;39m [2m[  restartedMain][0;39m [36mcom.netflix.discovery.DiscoveryClient   [0;39m [2m:[0;39m Force full registry fetch : false
[2m2018-05-15 04:48:45.935[0;39m [32m INFO[0;39m [35m79[0;39m [2m---[0;39m [2m[  restartedMain][0;39m [36mcom.netflix.discovery.DiscoveryClient   [0;39m [2m:[0;39m Application is null : false
[2m2018-05-15 04:48:45.936[0;39m [32m INFO[0;39m [35m79[0;39m [2m---[0;39m [2m[  restartedMain][0;39m [36mcom.netflix.discovery.DiscoveryClient   [0;39m [2m:[0;39m Registered Applications size is zero : true
[2m2018-05-15 04:48:45.936[0;39m [32m INFO[0;39m [35m79[0;39m [2m---[0;39m [2m[  restartedMain][0;39m [36mcom.netflix.discovery.DiscoveryClient   [0;39m [2m:[0;39m Application version is -1: true
[2m2018-05-15 04:48:45.936[0;39m [32m INFO[0;39m [35m79[0;39m [2m---[0;39m [2m[  restartedMain][0;39m [36mcom.netflix.discovery.DiscoveryClient   [0;39m [2m:[0;39m Getting all instance registry info from the eureka server
[2m2018-05-15 04:48:46.355[0;39m [32m INFO[0;39m [35m79[0;39m [2m---[0;39m [2m[  restartedMain][0;39m [36mcom.netflix.discovery.DiscoveryClient   [0;39m [2m:[0;39m The response status is 200
[2m2018-05-15 04:48:46.366[0;39m [32m INFO[0;39m [35m79[0;39m [2m---[0;39m [2m[  restartedMain][0;39m [36mcom.netflix.discovery.DiscoveryClient   [0;39m [2m:[0;39m Starting heartbeat executor: renew interval is: 30
[2m2018-05-15 04:48:46.369[0;39m [32m INFO[0;39m [35m79[0;39m [2m---[0;39m [2m[  restartedMain][0;39m [36mc.n.discovery.InstanceInfoReplicator    [0;39m [2m:[0;39m InstanceInfoReplicator onDemand update allowed rate per min is 4
[2m2018-05-15 04:48:46.382[0;39m [32m INFO[0;39m [35m79[0;39m [2m---[0;39m [2m[  restartedMain][0;39m [36mcom.netflix.discovery.DiscoveryClient   [0;39m [2m:[0;39m Discovery Client initialized at timestamp 1526359726382 with initial instances count: 0
[2m2018-05-15 04:48:46.397[0;39m [32m INFO[0;39m [35m79[0;39m [2m---[0;39m [2m[  restartedMain][0;39m [36mo.s.c.n.e.s.EurekaServiceRegistry       [0;39m [2m:[0;39m Registering application drugs with eureka with status UP
[2m2018-05-15 04:48:46.400[0;39m [32m INFO[0;39m [35m79[0;39m [2m---[0;39m [2m[  restartedMain][0;39m [36mcom.netflix.discovery.DiscoveryClient   [0;39m [2m:[0;39m Saw local status change event StatusChangeEvent [timestamp=1526359726400, current=UP, previous=STARTING]
[2m2018-05-15 04:48:46.410[0;39m [32m INFO[0;39m [35m79[0;39m [2m---[0;39m [2m[nfoReplicator-0][0;39m [36mcom.netflix.discovery.DiscoveryClient   [0;39m [2m:[0;39m DiscoveryClient_DRUGS/9428319ceae8:drugs:8081: registering service...
[2m2018-05-15 04:48:46.659[0;39m [32m INFO[0;39m [35m79[0;39m [2m---[0;39m [2m[nfoReplicator-0][0;39m [36mcom.netflix.discovery.DiscoveryClient   [0;39m [2m:[0;39m DiscoveryClient_DRUGS/9428319ceae8:drugs:8081 - registration status: 204
[2m2018-05-15 04:48:46.692[0;39m [32m INFO[0;39m [35m79[0;39m [2m---[0;39m [2m[  restartedMain][0;39m [36ms.b.c.e.t.TomcatEmbeddedServletContainer[0;39m [2m:[0;39m Tomcat started on port(s): 8081 (http)
[2m2018-05-15 04:48:46.713[0;39m [32m INFO[0;39m [35m79[0;39m [2m---[0;39m [2m[  restartedMain][0;39m [36m.s.c.n.e.s.EurekaAutoServiceRegistration[0;39m [2m:[0;39m Updating port to 8081
[2m2018-05-15 04:48:46.738[0;39m [32m INFO[0;39m [35m79[0;39m [2m---[0;39m [2m[  restartedMain][0;39m [36mcom.example.drugsapi.DrugsApplication   [0;39m [2m:[0;39m Started DrugsApplication in 35.384 seconds (JVM running for 37.724)
[2m2018-05-15 04:49:16.362[0;39m [32m INFO[0;39m [35m79[0;39m [2m---[0;39m [2m[freshExecutor-0][0;39m [36mcom.netflix.discovery.DiscoveryClient   [0;39m [2m:[0;39m Disable delta property : false
[2m2018-05-15 04:49:16.362[0;39m [32m INFO[0;39m [35m79[0;39m [2m---[0;39m [2m[freshExecutor-0][0;39m [36mcom.netflix.discovery.DiscoveryClient   [0;39m [2m:[0;39m Single vip registry refresh property : null
[2m2018-05-15 04:49:16.362[0;39m [32m INFO[0;39m [35m79[0;39m [2m---[0;39m [2m[freshExecutor-0][0;39m [36mcom.netflix.discovery.DiscoveryClient   [0;39m [2m:[0;39m Force full registry fetch : false
[2m2018-05-15 04:49:16.363[0;39m [32m INFO[0;39m [35m79[0;39m [2m---[0;39m [2m[freshExecutor-0][0;39m [36mcom.netflix.discovery.DiscoveryClient   [0;39m [2m:[0;39m Application is null : false
[2m2018-05-15 04:49:16.363[0;39m [32m INFO[0;39m [35m79[0;39m [2m---[0;39m [2m[freshExecutor-0][0;39m [36mcom.netflix.discovery.DiscoveryClient   [0;39m [2m:[0;39m Registered Applications size is zero : true
[2m2018-05-15 04:49:16.363[0;39m [32m INFO[0;39m [35m79[0;39m [2m---[0;39m [2m[freshExecutor-0][0;39m [36mcom.netflix.discovery.DiscoveryClient   [0;39m [2m:[0;39m Application version is -1: false
[2m2018-05-15 04:49:16.363[0;39m [32m INFO[0;39m [35m79[0;39m [2m---[0;39m [2m[freshExecutor-0][0;39m [36mcom.netflix.discovery.DiscoveryClient   [0;39m [2m:[0;39m Getting all instance registry info from the eureka server
[2m2018-05-15 04:49:16.423[0;39m [32m INFO[0;39m [35m79[0;39m [2m---[0;39m [2m[freshExecutor-0][0;39m [36mcom.netflix.discovery.DiscoveryClient   [0;39m [2m:[0;39m The response status is 200
[2m2018-05-15 04:50:05.927[0;39m [32m INFO[0;39m [35m79[0;39m [2m---[0;39m [2m[nio-8081-exec-1][0;39m [36mo.a.c.c.C.[Tomcat].[localhost].[/]      [0;39m [2m:[0;39m Initializing Spring FrameworkServlet 'dispatcherServlet'
[2m2018-05-15 04:50:05.927[0;39m [32m INFO[0;39m [35m79[0;39m [2m---[0;39m [2m[nio-8081-exec-1][0;39m [36mo.s.web.servlet.DispatcherServlet       [0;39m [2m:[0;39m FrameworkServlet 'dispatcherServlet': initialization started
[2m2018-05-15 04:50:05.987[0;39m [32m INFO[0;39m [35m79[0;39m [2m---[0;39m [2m[nio-8081-exec-1][0;39m [36mo.s.web.servlet.DispatcherServlet       [0;39m [2m:[0;39m FrameworkServlet 'dispatcherServlet': initialization completed in 59 ms
[2m2018-05-15 04:50:06.289[0;39m [32m INFO[0;39m [35m79[0;39m [2m---[0;39m [2m[nio-8081-exec-1][0;39m [36mo.h.h.i.QueryTranslatorFactoryInitiator [0;39m [2m:[0;39m HHH000397: Using ASTQueryTranslatorFactory
[2m2018-05-15 04:50:06.774[0;39m [31mERROR[0;39m [35m79[0;39m [2m---[0;39m [2m[nio-8081-exec-1][0;39m [36mo.a.c.c.C.[.[.[/].[dispatcherServlet]   [0;39m [2m:[0;39m Servlet.service() for servlet [dispatcherServlet] in context with path [] threw exception [Request processing failed; nested exception is org.springframework.orm.jpa.JpaSystemException: could not deserialize; nested exception is org.hibernate.type.SerializationException: could not deserialize] with root cause

java.io.EOFException: null
	at java.io.ObjectInputStream$PeekInputStream.readFully(ObjectInputStream.java:2679) ~[na:1.8.0_172]
	at java.io.ObjectInputStream$BlockDataInputStream.readShort(ObjectInputStream.java:3154) ~[na:1.8.0_172]
	at java.io.ObjectInputStream.readStreamHeader(ObjectInputStream.java:862) ~[na:1.8.0_172]
	at java.io.ObjectInputStream.<init>(ObjectInputStream.java:358) ~[na:1.8.0_172]
	at org.hibernate.internal.util.SerializationHelper$CustomObjectInputStream.<init>(SerializationHelper.java:309) ~[hibernate-core-5.0.12.Final.jar:5.0.12.Final]
	at org.hibernate.internal.util.SerializationHelper$CustomObjectInputStream.<init>(SerializationHelper.java:299) ~[hibernate-core-5.0.12.Final.jar:5.0.12.Final]
	at org.hibernate.internal.util.SerializationHelper.doDeserialize(SerializationHelper.java:218) ~[hibernate-core-5.0.12.Final.jar:5.0.12.Final]
	at org.hibernate.internal.util.SerializationHelper.deserialize(SerializationHelper.java:287) ~[hibernate-core-5.0.12.Final.jar:5.0.12.Final]
	at org.hibernate.type.descriptor.java.SerializableTypeDescriptor.fromBytes(SerializableTypeDescriptor.java:138) ~[hibernate-core-5.0.12.Final.jar:5.0.12.Final]
	at org.hibernate.type.descriptor.java.SerializableTypeDescriptor.wrap(SerializableTypeDescriptor.java:113) ~[hibernate-core-5.0.12.Final.jar:5.0.12.Final]
	at org.hibernate.type.descriptor.java.SerializableTypeDescriptor.wrap(SerializableTypeDescriptor.java:27) ~[hibernate-core-5.0.12.Final.jar:5.0.12.Final]
	at org.hibernate.type.descriptor.sql.VarbinaryTypeDescriptor$2.doExtract(VarbinaryTypeDescriptor.java:60) ~[hibernate-core-5.0.12.Final.jar:5.0.12.Final]
	at org.hibernate.type.descriptor.sql.BasicExtractor.extract(BasicExtractor.java:47) ~[hibernate-core-5.0.12.Final.jar:5.0.12.Final]
	at org.hibernate.type.AbstractStandardBasicType.nullSafeGet(AbstractStandardBasicType.java:238) ~[hibernate-core-5.0.12.Final.jar:5.0.12.Final]
	at org.hibernate.type.AbstractStandardBasicType.nullSafeGet(AbstractStandardBasicType.java:234) ~[hibernate-core-5.0.12.Final.jar:5.0.12.Final]
	at org.hibernate.type.AbstractStandardBasicType.nullSafeGet(AbstractStandardBasicType.java:224) ~[hibernate-core-5.0.12.Final.jar:5.0.12.Final]
	at org.hibernate.type.AbstractStandardBasicType.hydrate(AbstractStandardBasicType.java:300) ~[hibernate-core-5.0.12.Final.jar:5.0.12.Final]
	at org.hibernate.persister.entity.AbstractEntityPersister.hydrate(AbstractEntityPersister.java:2790) ~[hibernate-core-5.0.12.Final.jar:5.0.12.Final]
	at org.hibernate.loader.Loader.loadFromResultSet(Loader.java:1729) ~[hibernate-core-5.0.12.Final.jar:5.0.12.Final]
	at org.hibernate.loader.Loader.instanceNotYetLoaded(Loader.java:1655) ~[hibernate-core-5.0.12.Final.jar:5.0.12.Final]
	at org.hibernate.loader.Loader.getRow(Loader.java:1544) ~[hibernate-core-5.0.12.Final.jar:5.0.12.Final]
	at org.hibernate.loader.Loader.getRowFromResultSet(Loader.java:727) ~[hibernate-core-5.0.12.Final.jar:5.0.12.Final]
	at org.hibernate.loader.Loader.processResultSet(Loader.java:972) ~[hibernate-core-5.0.12.Final.jar:5.0.12.Final]
	at org.hibernate.loader.Loader.doQuery(Loader.java:930) ~[hibernate-core-5.0.12.Final.jar:5.0.12.Final]
	at org.hibernate.loader.Loader.doQueryAndInitializeNonLazyCollections(Loader.java:336) ~[hibernate-core-5.0.12.Final.jar:5.0.12.Final]
	at org.hibernate.loader.Loader.doList(Loader.java:2617) ~[hibernate-core-5.0.12.Final.jar:5.0.12.Final]
	at org.hibernate.loader.Loader.doList(Loader.java:2600) ~[hibernate-core-5.0.12.Final.jar:5.0.12.Final]
	at org.hibernate.loader.Loader.listIgnoreQueryCache(Loader.java:2429) ~[hibernate-core-5.0.12.Final.jar:5.0.12.Final]
	at org.hibernate.loader.Loader.list(Loader.java:2424) ~[hibernate-core-5.0.12.Final.jar:5.0.12.Final]
	at org.hibernate.loader.hql.QueryLoader.list(QueryLoader.java:501) ~[hibernate-core-5.0.12.Final.jar:5.0.12.Final]
	at org.hibernate.hql.internal.ast.QueryTranslatorImpl.list(QueryTranslatorImpl.java:371) ~[hibernate-core-5.0.12.Final.jar:5.0.12.Final]
	at org.hibernate.engine.query.spi.HQLQueryPlan.performList(HQLQueryPlan.java:216) ~[hibernate-core-5.0.12.Final.jar:5.0.12.Final]
	at org.hibernate.internal.SessionImpl.list(SessionImpl.java:1326) ~[hibernate-core-5.0.12.Final.jar:5.0.12.Final]
	at org.hibernate.internal.QueryImpl.list(QueryImpl.java:87) ~[hibernate-core-5.0.12.Final.jar:5.0.12.Final]
	at org.hibernate.jpa.internal.QueryImpl.list(QueryImpl.java:606) ~[hibernate-entitymanager-5.0.12.Final.jar:5.0.12.Final]
	at org.hibernate.jpa.internal.QueryImpl.getResultList(QueryImpl.java:483) ~[hibernate-entitymanager-5.0.12.Final.jar:5.0.12.Final]
	at org.hibernate.jpa.criteria.compile.CriteriaQueryTypeQueryAdapter.getResultList(CriteriaQueryTypeQueryAdapter.java:50) ~[hibernate-entitymanager-5.0.12.Final.jar:5.0.12.Final]
	at org.springframework.data.jpa.repository.support.SimpleJpaRepository.findAll(SimpleJpaRepository.java:329) ~[spring-data-jpa-1.11.8.RELEASE.jar:na]
	at sun.reflect.NativeMethodAccessorImpl.invoke0(Native Method) ~[na:1.8.0_172]
	at sun.reflect.NativeMethodAccessorImpl.invoke(NativeMethodAccessorImpl.java:62) ~[na:1.8.0_172]
	at sun.reflect.DelegatingMethodAccessorImpl.invoke(DelegatingMethodAccessorImpl.java:43) ~[na:1.8.0_172]
	at java.lang.reflect.Method.invoke(Method.java:498) ~[na:1.8.0_172]
	at org.springframework.data.repository.core.support.RepositoryFactorySupport$QueryExecutorMethodInterceptor.executeMethodOn(RepositoryFactorySupport.java:504) ~[spring-data-commons-1.13.8.RELEASE.jar:na]
	at org.springframework.data.repository.core.support.RepositoryFactorySupport$QueryExecutorMethodInterceptor.doInvoke(RepositoryFactorySupport.java:489) ~[spring-data-commons-1.13.8.RELEASE.jar:na]
	at org.springframework.data.repository.core.support.RepositoryFactorySupport$QueryExecutorMethodInterceptor.invoke(RepositoryFactorySupport.java:461) ~[spring-data-commons-1.13.8.RELEASE.jar:na]
	at org.springframework.aop.framework.ReflectiveMethodInvocation.proceed(ReflectiveMethodInvocation.java:179) ~[spring-aop-4.3.12.RELEASE.jar:4.3.12.RELEASE]
	at org.springframework.data.projection.DefaultMethodInvokingMethodInterceptor.invoke(DefaultMethodInvokingMethodInterceptor.java:56) ~[spring-data-commons-1.13.8.RELEASE.jar:na]
	at org.springframework.aop.framework.ReflectiveMethodInvocation.proceed(ReflectiveMethodInvocation.java:179) ~[spring-aop-4.3.12.RELEASE.jar:4.3.12.RELEASE]
	at org.springframework.transaction.interceptor.TransactionInterceptor$1.proceedWithInvocation(TransactionInterceptor.java:99) ~[spring-tx-4.3.12.RELEASE.jar:4.3.12.RELEASE]
	at org.springframework.transaction.interceptor.TransactionAspectSupport.invokeWithinTransaction(TransactionAspectSupport.java:282) ~[spring-tx-4.3.12.RELEASE.jar:4.3.12.RELEASE]
	at org.springframework.transaction.interceptor.TransactionInterceptor.invoke(TransactionInterceptor.java:96) ~[spring-tx-4.3.12.RELEASE.jar:4.3.12.RELEASE]
	at org.springframework.aop.framework.ReflectiveMethodInvocation.proceed(ReflectiveMethodInvocation.java:179) ~[spring-aop-4.3.12.RELEASE.jar:4.3.12.RELEASE]
	at org.springframework.dao.support.PersistenceExceptionTranslationInterceptor.invoke(PersistenceExceptionTranslationInterceptor.java:136) ~[spring-tx-4.3.12.RELEASE.jar:4.3.12.RELEASE]
	at org.springframework.aop.framework.ReflectiveMethodInvocation.proceed(ReflectiveMethodInvocation.java:179) ~[spring-aop-4.3.12.RELEASE.jar:4.3.12.RELEASE]
	at org.springframework.data.jpa.repository.support.CrudMethodMetadataPostProcessor$CrudMethodMetadataPopulatingMethodInterceptor.invoke(CrudMethodMetadataPostProcessor.java:133) ~[spring-data-jpa-1.11.8.RELEASE.jar:na]
	at org.springframework.aop.framework.ReflectiveMethodInvocation.proceed(ReflectiveMethodInvocation.java:179) ~[spring-aop-4.3.12.RELEASE.jar:4.3.12.RELEASE]
	at org.springframework.aop.interceptor.ExposeInvocationInterceptor.invoke(ExposeInvocationInterceptor.java:92) ~[spring-aop-4.3.12.RELEASE.jar:4.3.12.RELEASE]
	at org.springframework.aop.framework.ReflectiveMethodInvocation.proceed(ReflectiveMethodInvocation.java:179) ~[spring-aop-4.3.12.RELEASE.jar:4.3.12.RELEASE]
	at org.springframework.data.repository.core.support.SurroundingTransactionDetectorMethodInterceptor.invoke(SurroundingTransactionDetectorMethodInterceptor.java:57) ~[spring-data-commons-1.13.8.RELEASE.jar:na]
	at org.springframework.aop.framework.ReflectiveMethodInvocation.proceed(ReflectiveMethodInvocation.java:179) ~[spring-aop-4.3.12.RELEASE.jar:4.3.12.RELEASE]
	at org.springframework.aop.framework.JdkDynamicAopProxy.invoke(JdkDynamicAopProxy.java:213) ~[spring-aop-4.3.12.RELEASE.jar:4.3.12.RELEASE]
	at com.sun.proxy.$Proxy103.findAll(Unknown Source) ~[na:na]
	at com.example.drugsapi.controllers.DrugsController.findAllDrugs(DrugsController.java:15) ~[main/:na]
	at sun.reflect.NativeMethodAccessorImpl.invoke0(Native Method) ~[na:1.8.0_172]
	at sun.reflect.NativeMethodAccessorImpl.invoke(NativeMethodAccessorImpl.java:62) ~[na:1.8.0_172]
	at sun.reflect.DelegatingMethodAccessorImpl.invoke(DelegatingMethodAccessorImpl.java:43) ~[na:1.8.0_172]
	at java.lang.reflect.Method.invoke(Method.java:498) ~[na:1.8.0_172]
	at org.springframework.web.method.support.InvocableHandlerMethod.doInvoke(InvocableHandlerMethod.java:205) ~[spring-web-4.3.12.RELEASE.jar:4.3.12.RELEASE]
	at org.springframework.web.method.support.InvocableHandlerMethod.invokeForRequest(InvocableHandlerMethod.java:133) ~[spring-web-4.3.12.RELEASE.jar:4.3.12.RELEASE]
	at org.springframework.web.servlet.mvc.method.annotation.ServletInvocableHandlerMethod.invokeAndHandle(ServletInvocableHandlerMethod.java:97) ~[spring-webmvc-4.3.12.RELEASE.jar:4.3.12.RELEASE]
	at org.springframework.web.servlet.mvc.method.annotation.RequestMappingHandlerAdapter.invokeHandlerMethod(RequestMappingHandlerAdapter.java:827) ~[spring-webmvc-4.3.12.RELEASE.jar:4.3.12.RELEASE]
	at org.springframework.web.servlet.mvc.method.annotation.RequestMappingHandlerAdapter.handleInternal(RequestMappingHandlerAdapter.java:738) ~[spring-webmvc-4.3.12.RELEASE.jar:4.3.12.RELEASE]
	at org.springframework.web.servlet.mvc.method.AbstractHandlerMethodAdapter.handle(AbstractHandlerMethodAdapter.java:85) ~[spring-webmvc-4.3.12.RELEASE.jar:4.3.12.RELEASE]
	at org.springframework.web.servlet.DispatcherServlet.doDispatch(DispatcherServlet.java:967) ~[spring-webmvc-4.3.12.RELEASE.jar:4.3.12.RELEASE]
	at org.springframework.web.servlet.DispatcherServlet.doService(DispatcherServlet.java:901) ~[spring-webmvc-4.3.12.RELEASE.jar:4.3.12.RELEASE]
	at org.springframework.web.servlet.FrameworkServlet.processRequest(FrameworkServlet.java:970) ~[spring-webmvc-4.3.12.RELEASE.jar:4.3.12.RELEASE]
	at org.springframework.web.servlet.FrameworkServlet.doGet(FrameworkServlet.java:861) ~[spring-webmvc-4.3.12.RELEASE.jar:4.3.12.RELEASE]
	at javax.servlet.http.HttpServlet.service(HttpServlet.java:635) ~[tomcat-embed-core-8.5.23.jar:8.5.23]
	at org.springframework.web.servlet.FrameworkServlet.service(FrameworkServlet.java:846) ~[spring-webmvc-4.3.12.RELEASE.jar:4.3.12.RELEASE]
	at javax.servlet.http.HttpServlet.service(HttpServlet.java:742) ~[tomcat-embed-core-8.5.23.jar:8.5.23]
	at org.apache.catalina.core.ApplicationFilterChain.internalDoFilter(ApplicationFilterChain.java:231) ~[tomcat-embed-core-8.5.23.jar:8.5.23]
	at org.apache.catalina.core.ApplicationFilterChain.doFilter(ApplicationFilterChain.java:166) ~[tomcat-embed-core-8.5.23.jar:8.5.23]
	at org.apache.tomcat.websocket.server.WsFilter.doFilter(WsFilter.java:52) ~[tomcat-embed-websocket-8.5.23.jar:8.5.23]
	at org.apache.catalina.core.ApplicationFilterChain.internalDoFilter(ApplicationFilterChain.java:193) ~[tomcat-embed-core-8.5.23.jar:8.5.23]
	at org.apache.catalina.core.ApplicationFilterChain.doFilter(ApplicationFilterChain.java:166) ~[tomcat-embed-core-8.5.23.jar:8.5.23]
	at org.springframework.web.filter.RequestContextFilter.doFilterInternal(RequestContextFilter.java:99) ~[spring-web-4.3.12.RELEASE.jar:4.3.12.RELEASE]
	at org.springframework.web.filter.OncePerRequestFilter.doFilter(OncePerRequestFilter.java:107) ~[spring-web-4.3.12.RELEASE.jar:4.3.12.RELEASE]
	at org.apache.catalina.core.ApplicationFilterChain.internalDoFilter(ApplicationFilterChain.java:193) ~[tomcat-embed-core-8.5.23.jar:8.5.23]
	at org.apache.catalina.core.ApplicationFilterChain.doFilter(ApplicationFilterChain.java:166) ~[tomcat-embed-core-8.5.23.jar:8.5.23]
	at org.springframework.web.filter.HttpPutFormContentFilter.doFilterInternal(HttpPutFormContentFilter.java:108) ~[spring-web-4.3.12.RELEASE.jar:4.3.12.RELEASE]
	at org.springframework.web.filter.OncePerRequestFilter.doFilter(OncePerRequestFilter.java:107) ~[spring-web-4.3.12.RELEASE.jar:4.3.12.RELEASE]
	at org.apache.catalina.core.ApplicationFilterChain.internalDoFilter(ApplicationFilterChain.java:193) ~[tomcat-embed-core-8.5.23.jar:8.5.23]
	at org.apache.catalina.core.ApplicationFilterChain.doFilter(ApplicationFilterChain.java:166) ~[tomcat-embed-core-8.5.23.jar:8.5.23]
	at org.springframework.web.filter.HiddenHttpMethodFilter.doFilterInternal(HiddenHttpMethodFilter.java:81) ~[spring-web-4.3.12.RELEASE.jar:4.3.12.RELEASE]
	at org.springframework.web.filter.OncePerRequestFilter.doFilter(OncePerRequestFilter.java:107) ~[spring-web-4.3.12.RELEASE.jar:4.3.12.RELEASE]
	at org.apache.catalina.core.ApplicationFilterChain.internalDoFilter(ApplicationFilterChain.java:193) ~[tomcat-embed-core-8.5.23.jar:8.5.23]
	at org.apache.catalina.core.ApplicationFilterChain.doFilter(ApplicationFilterChain.java:166) ~[tomcat-embed-core-8.5.23.jar:8.5.23]
	at org.springframework.web.filter.CharacterEncodingFilter.doFilterInternal(CharacterEncodingFilter.java:197) ~[spring-web-4.3.12.RELEASE.jar:4.3.12.RELEASE]
	at org.springframework.web.filter.OncePerRequestFilter.doFilter(OncePerRequestFilter.java:107) ~[spring-web-4.3.12.RELEASE.jar:4.3.12.RELEASE]
	at org.apache.catalina.core.ApplicationFilterChain.internalDoFilter(ApplicationFilterChain.java:193) ~[tomcat-embed-core-8.5.23.jar:8.5.23]
	at org.apache.catalina.core.ApplicationFilterChain.doFilter(ApplicationFilterChain.java:166) ~[tomcat-embed-core-8.5.23.jar:8.5.23]
	at org.apache.catalina.core.StandardWrapperValve.invoke(StandardWrapperValve.java:199) ~[tomcat-embed-core-8.5.23.jar:8.5.23]
	at org.apache.catalina.core.StandardContextValve.invoke(StandardContextValve.java:96) [tomcat-embed-core-8.5.23.jar:8.5.23]
	at org.apache.catalina.authenticator.AuthenticatorBase.invoke(AuthenticatorBase.java:478) [tomcat-embed-core-8.5.23.jar:8.5.23]
	at org.apache.catalina.core.StandardHostValve.invoke(StandardHostValve.java:140) [tomcat-embed-core-8.5.23.jar:8.5.23]
	at org.apache.catalina.valves.ErrorReportValve.invoke(ErrorReportValve.java:81) [tomcat-embed-core-8.5.23.jar:8.5.23]
	at org.apache.catalina.core.StandardEngineValve.invoke(StandardEngineValve.java:87) [tomcat-embed-core-8.5.23.jar:8.5.23]
	at org.apache.catalina.connector.CoyoteAdapter.service(CoyoteAdapter.java:342) [tomcat-embed-core-8.5.23.jar:8.5.23]
	at org.apache.coyote.http11.Http11Processor.service(Http11Processor.java:803) [tomcat-embed-core-8.5.23.jar:8.5.23]
	at org.apache.coyote.AbstractProcessorLight.process(AbstractProcessorLight.java:66) [tomcat-embed-core-8.5.23.jar:8.5.23]
	at org.apache.coyote.AbstractProtocol$ConnectionHandler.process(AbstractProtocol.java:868) [tomcat-embed-core-8.5.23.jar:8.5.23]
	at org.apache.tomcat.util.net.NioEndpoint$SocketProcessor.doRun(NioEndpoint.java:1459) [tomcat-embed-core-8.5.23.jar:8.5.23]
	at org.apache.tomcat.util.net.SocketProcessorBase.run(SocketProcessorBase.java:49) [tomcat-embed-core-8.5.23.jar:8.5.23]
	at java.util.concurrent.ThreadPoolExecutor.runWorker(ThreadPoolExecutor.java:1149) [na:1.8.0_172]
	at java.util.concurrent.ThreadPoolExecutor$Worker.run(ThreadPoolExecutor.java:624) [na:1.8.0_172]
	at org.apache.tomcat.util.threads.TaskThread$WrappingRunnable.run(TaskThread.java:61) [tomcat-embed-core-8.5.23.jar:8.5.23]
	at java.lang.Thread.run(Thread.java:748) [na:1.8.0_172]

thread 15: client disconnection detected, canceling the build
